{"/home/user/migrainelog/src/App.tsx": {"path":"/home/user/migrainelog/src/App.tsx","statementMap":{"0":{"start":{"line":8,"column":6},"end":{"line":8,"column":null}},"1":{"start":{"line":25,"column":2},"end":{"line":25,"column":null}}},"fnMap":{"0":{"name":"App","decl":{"start":{"line":24,"column":9},"end":{"line":24,"column":15}},"loc":{"start":{"line":24,"column":15},"end":{"line":26,"column":null}},"line":24}},"branchMap":{},"s":{"0":0,"1":0},"f":{"0":0},"b":{},"meta":{"lastBranch":0,"lastFunction":1,"lastStatement":2,"seen":{"s:8:6:8:Infinity":0,"f:24:9:24:15":0,"s:25:2:25:Infinity":1}}}
,"/home/user/migrainelog/src/components/dashboard/StatCard.tsx": {"path":"/home/user/migrainelog/src/components/dashboard/StatCard.tsx","statementMap":{"0":{"start":{"line":17,"column":24},"end":{"line":38,"column":null}},"1":{"start":{"line":18,"column":26},"end":{"line":18,"column":null}},"2":{"start":{"line":20,"column":2},"end":{"line":36,"column":null}}},"fnMap":{"0":{"name":"(anonymous_0)","decl":{"start":{"line":17,"column":24},"end":{"line":17,"column":25}},"loc":{"start":{"line":17,"column":91},"end":{"line":38,"column":null}},"line":17}},"branchMap":{"0":{"loc":{"start":{"line":18,"column":26},"end":{"line":18,"column":null}},"type":"binary-expr","locations":[{"start":{"line":18,"column":26},"end":{"line":18,"column":38}},{"start":{"line":18,"column":38},"end":{"line":18,"column":null}}],"line":18},"1":{"loc":{"start":{"line":25,"column":9},"end":{"line":32,"column":null}},"type":"binary-expr","locations":[{"start":{"line":25,"column":9},"end":{"line":25,"column":null}},{"start":{"line":26,"column":10},"end":{"line":32,"column":null}}],"line":25},"2":{"loc":{"start":{"line":28,"column":14},"end":{"line":28,"column":null}},"type":"cond-expr","locations":[{"start":{"line":28,"column":31},"end":{"line":28,"column":50}},{"start":{"line":28,"column":50},"end":{"line":28,"column":null}}],"line":28},"3":{"loc":{"start":{"line":31,"column":13},"end":{"line":31,"column":40}},"type":"cond-expr","locations":[{"start":{"line":31,"column":30},"end":{"line":31,"column":36}},{"start":{"line":31,"column":36},"end":{"line":31,"column":40}}],"line":31},"4":{"loc":{"start":{"line":35,"column":7},"end":{"line":35,"column":null}},"type":"binary-expr","locations":[{"start":{"line":35,"column":7},"end":{"line":35,"column":26}},{"start":{"line":35,"column":26},"end":{"line":35,"column":null}}],"line":35}},"s":{"0":1,"1":13,"2":13},"f":{"0":13},"b":{"0":[13,10],"1":[13,4],"2":[2,2],"3":[2,2],"4":[13,4]},"meta":{"lastBranch":5,"lastFunction":1,"lastStatement":3,"seen":{"s:17:24:38:Infinity":0,"f:17:24:17:25":0,"s:18:26:18:Infinity":1,"b:18:26:18:38:18:38:18:Infinity":0,"s:20:2:36:Infinity":2,"b:25:9:25:Infinity:26:10:32:Infinity":1,"b:28:31:28:50:28:50:28:Infinity":2,"b:31:30:31:36:31:36:31:40":3,"b:35:7:35:26:35:26:35:Infinity":4}}}
,"/home/user/migrainelog/src/components/episodes/EpisodeCard.tsx": {"path":"/home/user/migrainelog/src/components/episodes/EpisodeCard.tsx","statementMap":{"0":{"start":{"line":14,"column":27},"end":{"line":54,"column":null}},"1":{"start":{"line":15,"column":19},"end":{"line":17,"column":null}},"2":{"start":{"line":19,"column":2},"end":{"line":52,"column":null}},"3":{"start":{"line":39,"column":10},"end":{"line":44,"column":null}}},"fnMap":{"0":{"name":"(anonymous_0)","decl":{"start":{"line":14,"column":27},"end":{"line":14,"column":28}},"loc":{"start":{"line":14,"column":71},"end":{"line":54,"column":null}},"line":14},"1":{"name":"(anonymous_1)","decl":{"start":{"line":38,"column":42},"end":{"line":38,"column":43}},"loc":{"start":{"line":39,"column":10},"end":{"line":44,"column":null}},"line":39}},"branchMap":{"0":{"loc":{"start":{"line":15,"column":19},"end":{"line":17,"column":null}},"type":"cond-expr","locations":[{"start":{"line":15,"column":27},"end":{"line":16,"column":null}},{"start":{"line":17,"column":6},"end":{"line":17,"column":null}}],"line":15},"1":{"loc":{"start":{"line":46,"column":9},"end":{"line":49,"column":null}},"type":"binary-expr","locations":[{"start":{"line":46,"column":9},"end":{"line":46,"column":null}},{"start":{"line":47,"column":10},"end":{"line":49,"column":null}}],"line":46}},"s":{"0":1,"1":15,"2":15,"3":30},"f":{"0":15,"1":30},"b":{"0":[14,1],"1":[15,1]},"meta":{"lastBranch":2,"lastFunction":2,"lastStatement":4,"seen":{"s:14:27:54:Infinity":0,"f:14:27:14:28":0,"s:15:19:17:Infinity":1,"b:15:27:16:Infinity:17:6:17:Infinity":0,"s:19:2:52:Infinity":2,"f:38:42:38:43":1,"s:39:10:44:Infinity":3,"b:46:9:46:Infinity:47:10:49:Infinity":1}}}
,"/home/user/migrainelog/src/components/episodes/EpisodeForm.tsx": {"path":"/home/user/migrainelog/src/components/episodes/EpisodeForm.tsx","statementMap":{"0":{"start":{"line":61,"column":65},"end":{"line":71,"column":null}},"1":{"start":{"line":73,"column":54},"end":{"line":85,"column":null}},"2":{"start":{"line":87,"column":54},"end":{"line":101,"column":null}},"3":{"start":{"line":103,"column":27},"end":{"line":563,"column":null}},"4":{"start":{"line":104,"column":36},"end":{"line":104,"column":null}},"5":{"start":{"line":105,"column":40},"end":{"line":105,"column":null}},"6":{"start":{"line":107,"column":8},"end":{"line":107,"column":null}},"7":{"start":{"line":108,"column":8},"end":{"line":108,"column":null}},"8":{"start":{"line":110,"column":8},"end":{"line":128,"column":null}},"9":{"start":{"line":130,"column":33},"end":{"line":133,"column":null}},"10":{"start":{"line":135,"column":20},"end":{"line":135,"column":null}},"11":{"start":{"line":137,"column":19},"end":{"line":169,"column":null}},"12":{"start":{"line":138,"column":4},"end":{"line":168,"column":null}},"13":{"start":{"line":139,"column":6},"end":{"line":139,"column":null}},"14":{"start":{"line":140,"column":6},"end":{"line":140,"column":null}},"15":{"start":{"line":143,"column":26},"end":{"line":151,"column":null}},"16":{"start":{"line":147,"column":50},"end":{"line":150,"column":10}},"17":{"start":{"line":153,"column":6},"end":{"line":163,"column":null}},"18":{"start":{"line":154,"column":8},"end":{"line":157,"column":null}},"19":{"start":{"line":158,"column":8},"end":{"line":158,"column":null}},"20":{"start":{"line":160,"column":8},"end":{"line":160,"column":null}},"21":{"start":{"line":161,"column":8},"end":{"line":161,"column":null}},"22":{"start":{"line":162,"column":8},"end":{"line":162,"column":null}},"23":{"start":{"line":165,"column":6},"end":{"line":165,"column":null}},"24":{"start":{"line":167,"column":6},"end":{"line":167,"column":null}},"25":{"start":{"line":171,"column":2},"end":{"line":561,"column":null}},"26":{"start":{"line":195,"column":14},"end":{"line":201,"column":null}},"27":{"start":{"line":210,"column":14},"end":{"line":231,"column":null}},"28":{"start":{"line":219,"column":47},"end":{"line":219,"column":null}},"29":{"start":{"line":240,"column":14},"end":{"line":252,"column":null}},"30":{"start":{"line":266,"column":14},"end":{"line":273,"column":null}},"31":{"start":{"line":282,"column":14},"end":{"line":294,"column":null}},"32":{"start":{"line":303,"column":14},"end":{"line":315,"column":null}},"33":{"start":{"line":329,"column":16},"end":{"line":334,"column":null}},"34":{"start":{"line":344,"column":14},"end":{"line":423,"column":null}},"35":{"start":{"line":350,"column":33},"end":{"line":350,"column":null}},"36":{"start":{"line":360,"column":22},"end":{"line":366,"column":null}},"37":{"start":{"line":374,"column":22},"end":{"line":380,"column":null}},"38":{"start":{"line":388,"column":22},"end":{"line":394,"column":null}},"39":{"start":{"line":402,"column":22},"end":{"line":419,"column":null}},"40":{"start":{"line":412,"column":42},"end":{"line":412,"column":null}},"41":{"start":{"line":413,"column":30},"end":{"line":413,"column":null}},"42":{"start":{"line":443,"column":16},"end":{"line":461,"column":null}},"43":{"start":{"line":454,"column":36},"end":{"line":454,"column":null}},"44":{"start":{"line":455,"column":24},"end":{"line":455,"column":null}},"45":{"start":{"line":469,"column":16},"end":{"line":485,"column":null}},"46":{"start":{"line":478,"column":36},"end":{"line":478,"column":null}},"47":{"start":{"line":479,"column":24},"end":{"line":479,"column":null}},"48":{"start":{"line":493,"column":16},"end":{"line":499,"column":null}},"49":{"start":{"line":507,"column":16},"end":{"line":524,"column":null}},"50":{"start":{"line":517,"column":36},"end":{"line":517,"column":null}},"51":{"start":{"line":518,"column":24},"end":{"line":518,"column":null}},"52":{"start":{"line":536,"column":14},"end":{"line":549,"column":null}},"53":{"start":{"line":573,"column":20},"end":{"line":650,"column":null}},"54":{"start":{"line":574,"column":22},"end":{"line":574,"column":null}},"55":{"start":{"line":576,"column":23},"end":{"line":581,"column":null}},"56":{"start":{"line":577,"column":24},"end":{"line":579,"column":null}},"57":{"start":{"line":578,"column":34},"end":{"line":578,"column":48}},"58":{"start":{"line":580,"column":4},"end":{"line":580,"column":null}},"59":{"start":{"line":583,"column":23},"end":{"line":585,"column":null}},"60":{"start":{"line":584,"column":4},"end":{"line":584,"column":null}},"61":{"start":{"line":584,"column":39},"end":{"line":584,"column":53}},"62":{"start":{"line":587,"column":2},"end":{"line":648,"column":null}},"63":{"start":{"line":608,"column":18},"end":{"line":620,"column":null}},"64":{"start":{"line":611,"column":36},"end":{"line":611,"column":null}},"65":{"start":{"line":632,"column":27},"end":{"line":632,"column":null}},"66":{"start":{"line":632,"column":49},"end":{"line":632,"column":68}},"67":{"start":{"line":633,"column":12},"end":{"line":643,"column":null}},"68":{"start":{"line":639,"column":33},"end":{"line":639,"column":null}}},"fnMap":{"0":{"name":"(anonymous_0)","decl":{"start":{"line":103,"column":27},"end":{"line":103,"column":28}},"loc":{"start":{"line":103,"column":88},"end":{"line":563,"column":null}},"line":103},"1":{"name":"(anonymous_1)","decl":{"start":{"line":137,"column":19},"end":{"line":137,"column":26}},"loc":{"start":{"line":137,"column":52},"end":{"line":169,"column":null}},"line":137},"2":{"name":"(anonymous_2)","decl":{"start":{"line":147,"column":42},"end":{"line":147,"column":50}},"loc":{"start":{"line":147,"column":50},"end":{"line":150,"column":10}},"line":147},"3":{"name":"(anonymous_3)","decl":{"start":{"line":194,"column":20},"end":{"line":194,"column":21}},"loc":{"start":{"line":195,"column":14},"end":{"line":201,"column":null}},"line":195},"4":{"name":"(anonymous_4)","decl":{"start":{"line":209,"column":20},"end":{"line":209,"column":21}},"loc":{"start":{"line":210,"column":14},"end":{"line":231,"column":null}},"line":210},"5":{"name":"(anonymous_5)","decl":{"start":{"line":219,"column":37},"end":{"line":219,"column":38}},"loc":{"start":{"line":219,"column":47},"end":{"line":219,"column":null}},"line":219},"6":{"name":"(anonymous_6)","decl":{"start":{"line":239,"column":20},"end":{"line":239,"column":21}},"loc":{"start":{"line":240,"column":14},"end":{"line":252,"column":null}},"line":240},"7":{"name":"(anonymous_7)","decl":{"start":{"line":265,"column":20},"end":{"line":265,"column":21}},"loc":{"start":{"line":266,"column":14},"end":{"line":273,"column":null}},"line":266},"8":{"name":"(anonymous_8)","decl":{"start":{"line":281,"column":20},"end":{"line":281,"column":21}},"loc":{"start":{"line":282,"column":14},"end":{"line":294,"column":null}},"line":282},"9":{"name":"(anonymous_9)","decl":{"start":{"line":302,"column":20},"end":{"line":302,"column":21}},"loc":{"start":{"line":303,"column":14},"end":{"line":315,"column":null}},"line":303},"10":{"name":"(anonymous_10)","decl":{"start":{"line":328,"column":23},"end":{"line":328,"column":null}},"loc":{"start":{"line":329,"column":16},"end":{"line":334,"column":null}},"line":329},"11":{"name":"(anonymous_11)","decl":{"start":{"line":343,"column":24},"end":{"line":343,"column":25}},"loc":{"start":{"line":344,"column":14},"end":{"line":423,"column":null}},"line":344},"12":{"name":"(anonymous_12)","decl":{"start":{"line":350,"column":27},"end":{"line":350,"column":33}},"loc":{"start":{"line":350,"column":33},"end":{"line":350,"column":null}},"line":350},"13":{"name":"(anonymous_13)","decl":{"start":{"line":359,"column":28},"end":{"line":359,"column":29}},"loc":{"start":{"line":360,"column":22},"end":{"line":366,"column":null}},"line":360},"14":{"name":"(anonymous_14)","decl":{"start":{"line":373,"column":28},"end":{"line":373,"column":29}},"loc":{"start":{"line":374,"column":22},"end":{"line":380,"column":null}},"line":374},"15":{"name":"(anonymous_15)","decl":{"start":{"line":387,"column":28},"end":{"line":387,"column":29}},"loc":{"start":{"line":388,"column":22},"end":{"line":394,"column":null}},"line":388},"16":{"name":"(anonymous_16)","decl":{"start":{"line":401,"column":28},"end":{"line":401,"column":29}},"loc":{"start":{"line":402,"column":22},"end":{"line":419,"column":null}},"line":402},"17":{"name":"(anonymous_17)","decl":{"start":{"line":411,"column":38},"end":{"line":411,"column":39}},"loc":{"start":{"line":411,"column":45},"end":{"line":414,"column":null}},"line":411},"18":{"name":"(anonymous_18)","decl":{"start":{"line":442,"column":22},"end":{"line":442,"column":23}},"loc":{"start":{"line":443,"column":16},"end":{"line":461,"column":null}},"line":443},"19":{"name":"(anonymous_19)","decl":{"start":{"line":453,"column":32},"end":{"line":453,"column":33}},"loc":{"start":{"line":453,"column":39},"end":{"line":456,"column":null}},"line":453},"20":{"name":"(anonymous_20)","decl":{"start":{"line":468,"column":22},"end":{"line":468,"column":23}},"loc":{"start":{"line":469,"column":16},"end":{"line":485,"column":null}},"line":469},"21":{"name":"(anonymous_21)","decl":{"start":{"line":477,"column":32},"end":{"line":477,"column":33}},"loc":{"start":{"line":477,"column":39},"end":{"line":480,"column":null}},"line":477},"22":{"name":"(anonymous_22)","decl":{"start":{"line":492,"column":22},"end":{"line":492,"column":23}},"loc":{"start":{"line":493,"column":16},"end":{"line":499,"column":null}},"line":493},"23":{"name":"(anonymous_23)","decl":{"start":{"line":506,"column":22},"end":{"line":506,"column":23}},"loc":{"start":{"line":507,"column":16},"end":{"line":524,"column":null}},"line":507},"24":{"name":"(anonymous_24)","decl":{"start":{"line":516,"column":32},"end":{"line":516,"column":33}},"loc":{"start":{"line":516,"column":39},"end":{"line":519,"column":null}},"line":516},"25":{"name":"(anonymous_25)","decl":{"start":{"line":535,"column":20},"end":{"line":535,"column":21}},"loc":{"start":{"line":536,"column":14},"end":{"line":549,"column":null}},"line":536},"26":{"name":"(anonymous_26)","decl":{"start":{"line":573,"column":20},"end":{"line":573,"column":21}},"loc":{"start":{"line":573,"column":88},"end":{"line":650,"column":null}},"line":573},"27":{"name":"(anonymous_27)","decl":{"start":{"line":576,"column":23},"end":{"line":576,"column":24}},"loc":{"start":{"line":576,"column":42},"end":{"line":581,"column":null}},"line":576},"28":{"name":"(anonymous_28)","decl":{"start":{"line":578,"column":24},"end":{"line":578,"column":25}},"loc":{"start":{"line":578,"column":34},"end":{"line":578,"column":48}},"line":578},"29":{"name":"(anonymous_29)","decl":{"start":{"line":583,"column":23},"end":{"line":583,"column":24}},"loc":{"start":{"line":583,"column":42},"end":{"line":585,"column":null}},"line":583},"30":{"name":"(anonymous_30)","decl":{"start":{"line":584,"column":29},"end":{"line":584,"column":30}},"loc":{"start":{"line":584,"column":39},"end":{"line":584,"column":53}},"line":584},"31":{"name":"(anonymous_31)","decl":{"start":{"line":607,"column":29},"end":{"line":607,"column":30}},"loc":{"start":{"line":608,"column":18},"end":{"line":620,"column":null}},"line":608},"32":{"name":"(anonymous_32)","decl":{"start":{"line":611,"column":30},"end":{"line":611,"column":36}},"loc":{"start":{"line":611,"column":36},"end":{"line":611,"column":null}},"line":611},"33":{"name":"(anonymous_33)","decl":{"start":{"line":631,"column":24},"end":{"line":631,"column":25}},"loc":{"start":{"line":631,"column":35},"end":{"line":645,"column":11}},"line":631},"34":{"name":"(anonymous_34)","decl":{"start":{"line":632,"column":40},"end":{"line":632,"column":41}},"loc":{"start":{"line":632,"column":49},"end":{"line":632,"column":68}},"line":632},"35":{"name":"(anonymous_35)","decl":{"start":{"line":639,"column":27},"end":{"line":639,"column":33}},"loc":{"start":{"line":639,"column":33},"end":{"line":639,"column":null}},"line":639}},"branchMap":{"0":{"loc":{"start":{"line":113,"column":18},"end":{"line":113,"column":null}},"type":"binary-expr","locations":[{"start":{"line":113,"column":18},"end":{"line":113,"column":45}},{"start":{"line":113,"column":45},"end":{"line":113,"column":null}}],"line":113},"1":{"loc":{"start":{"line":114,"column":16},"end":{"line":114,"column":null}},"type":"binary-expr","locations":[{"start":{"line":114,"column":16},"end":{"line":114,"column":41}},{"start":{"line":114,"column":41},"end":{"line":114,"column":null}}],"line":114},"2":{"loc":{"start":{"line":115,"column":16},"end":{"line":115,"column":null}},"type":"binary-expr","locations":[{"start":{"line":115,"column":16},"end":{"line":115,"column":41}},{"start":{"line":115,"column":41},"end":{"line":115,"column":null}}],"line":115},"3":{"loc":{"start":{"line":116,"column":21},"end":{"line":116,"column":null}},"type":"binary-expr","locations":[{"start":{"line":116,"column":21},"end":{"line":116,"column":51}},{"start":{"line":116,"column":51},"end":{"line":116,"column":null}}],"line":116},"4":{"loc":{"start":{"line":117,"column":16},"end":{"line":117,"column":null}},"type":"binary-expr","locations":[{"start":{"line":117,"column":16},"end":{"line":117,"column":41}},{"start":{"line":117,"column":41},"end":{"line":117,"column":null}}],"line":117},"5":{"loc":{"start":{"line":118,"column":16},"end":{"line":118,"column":null}},"type":"binary-expr","locations":[{"start":{"line":118,"column":16},"end":{"line":118,"column":41}},{"start":{"line":118,"column":41},"end":{"line":118,"column":null}}],"line":118},"6":{"loc":{"start":{"line":119,"column":19},"end":{"line":119,"column":null}},"type":"binary-expr","locations":[{"start":{"line":119,"column":19},"end":{"line":119,"column":47}},{"start":{"line":119,"column":47},"end":{"line":119,"column":null}}],"line":119},"7":{"loc":{"start":{"line":120,"column":13},"end":{"line":120,"column":null}},"type":"binary-expr","locations":[{"start":{"line":120,"column":13},"end":{"line":120,"column":35}},{"start":{"line":120,"column":35},"end":{"line":120,"column":null}}],"line":120},"8":{"loc":{"start":{"line":124,"column":28},"end":{"line":124,"column":null}},"type":"binary-expr","locations":[{"start":{"line":124,"column":28},"end":{"line":124,"column":85}},{"start":{"line":124,"column":85},"end":{"line":124,"column":null}}],"line":124},"9":{"loc":{"start":{"line":135,"column":20},"end":{"line":135,"column":null}},"type":"binary-expr","locations":[{"start":{"line":135,"column":20},"end":{"line":135,"column":48}},{"start":{"line":135,"column":48},"end":{"line":135,"column":null}}],"line":135},"10":{"loc":{"start":{"line":146,"column":18},"end":{"line":146,"column":null}},"type":"cond-expr","locations":[{"start":{"line":146,"column":34},"end":{"line":146,"column":60}},{"start":{"line":146,"column":60},"end":{"line":146,"column":null}}],"line":146},"11":{"loc":{"start":{"line":153,"column":6},"end":{"line":163,"column":null}},"type":"if","locations":[{"start":{"line":153,"column":6},"end":{"line":163,"column":null}},{"start":{"line":159,"column":13},"end":{"line":163,"column":null}}],"line":153},"12":{"loc":{"start":{"line":167,"column":21},"end":{"line":167,"column":86}},"type":"cond-expr","locations":[{"start":{"line":167,"column":46},"end":{"line":167,"column":62}},{"start":{"line":167,"column":62},"end":{"line":167,"column":86}}],"line":167},"13":{"loc":{"start":{"line":175,"column":9},"end":{"line":178,"column":null}},"type":"binary-expr","locations":[{"start":{"line":175,"column":9},"end":{"line":175,"column":null}},{"start":{"line":176,"column":10},"end":{"line":178,"column":null}}],"line":175},"14":{"loc":{"start":{"line":180,"column":9},"end":{"line":183,"column":null}},"type":"binary-expr","locations":[{"start":{"line":180,"column":9},"end":{"line":180,"column":null}},{"start":{"line":181,"column":10},"end":{"line":183,"column":null}}],"line":180},"15":{"loc":{"start":{"line":413,"column":45},"end":{"line":413,"column":81}},"type":"cond-expr","locations":[{"start":{"line":413,"column":58},"end":{"line":413,"column":70}},{"start":{"line":413,"column":70},"end":{"line":413,"column":81}}],"line":413},"16":{"loc":{"start":{"line":415,"column":35},"end":{"line":415,"column":null}},"type":"binary-expr","locations":[{"start":{"line":415,"column":35},"end":{"line":415,"column":50}},{"start":{"line":415,"column":50},"end":{"line":415,"column":null}}],"line":415},"17":{"loc":{"start":{"line":426,"column":13},"end":{"line":429,"column":null}},"type":"binary-expr","locations":[{"start":{"line":426,"column":13},"end":{"line":426,"column":null}},{"start":{"line":427,"column":14},"end":{"line":429,"column":null}}],"line":426},"18":{"loc":{"start":{"line":455,"column":39},"end":{"line":455,"column":75}},"type":"cond-expr","locations":[{"start":{"line":455,"column":52},"end":{"line":455,"column":64}},{"start":{"line":455,"column":64},"end":{"line":455,"column":75}}],"line":455},"19":{"loc":{"start":{"line":457,"column":29},"end":{"line":457,"column":null}},"type":"binary-expr","locations":[{"start":{"line":457,"column":29},"end":{"line":457,"column":44}},{"start":{"line":457,"column":44},"end":{"line":457,"column":null}}],"line":457},"20":{"loc":{"start":{"line":479,"column":39},"end":{"line":479,"column":75}},"type":"cond-expr","locations":[{"start":{"line":479,"column":52},"end":{"line":479,"column":64}},{"start":{"line":479,"column":64},"end":{"line":479,"column":75}}],"line":479},"21":{"loc":{"start":{"line":481,"column":29},"end":{"line":481,"column":null}},"type":"binary-expr","locations":[{"start":{"line":481,"column":29},"end":{"line":481,"column":44}},{"start":{"line":481,"column":44},"end":{"line":481,"column":null}}],"line":481},"22":{"loc":{"start":{"line":518,"column":39},"end":{"line":518,"column":75}},"type":"cond-expr","locations":[{"start":{"line":518,"column":52},"end":{"line":518,"column":64}},{"start":{"line":518,"column":64},"end":{"line":518,"column":75}}],"line":518},"23":{"loc":{"start":{"line":520,"column":29},"end":{"line":520,"column":null}},"type":"binary-expr","locations":[{"start":{"line":520,"column":29},"end":{"line":520,"column":44}},{"start":{"line":520,"column":44},"end":{"line":520,"column":null}}],"line":520},"24":{"loc":{"start":{"line":557,"column":13},"end":{"line":557,"column":null}},"type":"cond-expr","locations":[{"start":{"line":557,"column":25},"end":{"line":557,"column":39}},{"start":{"line":557,"column":39},"end":{"line":557,"column":null}}],"line":557},"25":{"loc":{"start":{"line":557,"column":39},"end":{"line":557,"column":null}},"type":"cond-expr","locations":[{"start":{"line":557,"column":51},"end":{"line":557,"column":70}},{"start":{"line":557,"column":70},"end":{"line":557,"column":null}}],"line":557},"26":{"loc":{"start":{"line":577,"column":24},"end":{"line":579,"column":null}},"type":"cond-expr","locations":[{"start":{"line":578,"column":8},"end":{"line":578,"column":null}},{"start":{"line":579,"column":8},"end":{"line":579,"column":null}}],"line":577},"27":{"loc":{"start":{"line":597,"column":13},"end":{"line":597,"column":null}},"type":"cond-expr","locations":[{"start":{"line":597,"column":35},"end":{"line":597,"column":67}},{"start":{"line":597,"column":67},"end":{"line":597,"column":null}}],"line":597},"28":{"loc":{"start":{"line":616,"column":24},"end":{"line":616,"column":null}},"type":"cond-expr","locations":[{"start":{"line":616,"column":58},"end":{"line":616,"column":74}},{"start":{"line":616,"column":74},"end":{"line":616,"column":null}}],"line":616},"29":{"loc":{"start":{"line":629,"column":7},"end":{"line":646,"column":null}},"type":"binary-expr","locations":[{"start":{"line":629,"column":7},"end":{"line":629,"column":null}},{"start":{"line":630,"column":8},"end":{"line":646,"column":null}}],"line":629},"30":{"loc":{"start":{"line":635,"column":17},"end":{"line":635,"column":null}},"type":"binary-expr","locations":[{"start":{"line":635,"column":17},"end":{"line":635,"column":34}},{"start":{"line":635,"column":34},"end":{"line":635,"column":null}}],"line":635}},"s":{"0":0,"1":0,"2":0,"3":0,"4":0,"5":0,"6":0,"7":0,"8":0,"9":0,"10":0,"11":0,"12":0,"13":0,"14":0,"15":0,"16":0,"17":0,"18":0,"19":0,"20":0,"21":0,"22":0,"23":0,"24":0,"25":0,"26":0,"27":0,"28":0,"29":0,"30":0,"31":0,"32":0,"33":0,"34":0,"35":0,"36":0,"37":0,"38":0,"39":0,"40":0,"41":0,"42":0,"43":0,"44":0,"45":0,"46":0,"47":0,"48":0,"49":0,"50":0,"51":0,"52":0,"53":0,"54":0,"55":0,"56":0,"57":0,"58":0,"59":0,"60":0,"61":0,"62":0,"63":0,"64":0,"65":0,"66":0,"67":0,"68":0},"f":{"0":0,"1":0,"2":0,"3":0,"4":0,"5":0,"6":0,"7":0,"8":0,"9":0,"10":0,"11":0,"12":0,"13":0,"14":0,"15":0,"16":0,"17":0,"18":0,"19":0,"20":0,"21":0,"22":0,"23":0,"24":0,"25":0,"26":0,"27":0,"28":0,"29":0,"30":0,"31":0,"32":0,"33":0,"34":0,"35":0},"b":{"0":[0,0],"1":[0,0],"2":[0,0],"3":[0,0],"4":[0,0],"5":[0,0],"6":[0,0],"7":[0,0],"8":[0,0],"9":[0,0],"10":[0,0],"11":[0,0],"12":[0,0],"13":[0,0],"14":[0,0],"15":[0,0],"16":[0,0],"17":[0,0],"18":[0,0],"19":[0,0],"20":[0,0],"21":[0,0],"22":[0,0],"23":[0,0],"24":[0,0],"25":[0,0],"26":[0,0],"27":[0,0],"28":[0,0],"29":[0,0],"30":[0,0]},"meta":{"lastBranch":31,"lastFunction":36,"lastStatement":69,"seen":{"s:61:65:71:Infinity":0,"s:73:54:85:Infinity":1,"s:87:54:101:Infinity":2,"s:103:27:563:Infinity":3,"f:103:27:103:28":0,"s:104:36:104:Infinity":4,"s:105:40:105:Infinity":5,"s:107:8:107:Infinity":6,"s:108:8:108:Infinity":7,"s:110:8:128:Infinity":8,"b:113:18:113:45:113:45:113:Infinity":0,"b:114:16:114:41:114:41:114:Infinity":1,"b:115:16:115:41:115:41:115:Infinity":2,"b:116:21:116:51:116:51:116:Infinity":3,"b:117:16:117:41:117:41:117:Infinity":4,"b:118:16:118:41:118:41:118:Infinity":5,"b:119:19:119:47:119:47:119:Infinity":6,"b:120:13:120:35:120:35:120:Infinity":7,"b:124:28:124:85:124:85:124:Infinity":8,"s:130:33:133:Infinity":9,"s:135:20:135:Infinity":10,"b:135:20:135:48:135:48:135:Infinity":9,"s:137:19:169:Infinity":11,"f:137:19:137:26":1,"s:138:4:168:Infinity":12,"s:139:6:139:Infinity":13,"s:140:6:140:Infinity":14,"s:143:26:151:Infinity":15,"b:146:34:146:60:146:60:146:Infinity":10,"f:147:42:147:50":2,"s:147:50:150:10":16,"b:153:6:163:Infinity:159:13:163:Infinity":11,"s:153:6:163:Infinity":17,"s:154:8:157:Infinity":18,"s:158:8:158:Infinity":19,"s:160:8:160:Infinity":20,"s:161:8:161:Infinity":21,"s:162:8:162:Infinity":22,"s:165:6:165:Infinity":23,"s:167:6:167:Infinity":24,"b:167:46:167:62:167:62:167:86":12,"s:171:2:561:Infinity":25,"b:175:9:175:Infinity:176:10:178:Infinity":13,"b:180:9:180:Infinity:181:10:183:Infinity":14,"f:194:20:194:21":3,"s:195:14:201:Infinity":26,"f:209:20:209:21":4,"s:210:14:231:Infinity":27,"f:219:37:219:38":5,"s:219:47:219:Infinity":28,"f:239:20:239:21":6,"s:240:14:252:Infinity":29,"f:265:20:265:21":7,"s:266:14:273:Infinity":30,"f:281:20:281:21":8,"s:282:14:294:Infinity":31,"f:302:20:302:21":9,"s:303:14:315:Infinity":32,"f:328:23:328:Infinity":10,"s:329:16:334:Infinity":33,"f:343:24:343:25":11,"s:344:14:423:Infinity":34,"f:350:27:350:33":12,"s:350:33:350:Infinity":35,"f:359:28:359:29":13,"s:360:22:366:Infinity":36,"f:373:28:373:29":14,"s:374:22:380:Infinity":37,"f:387:28:387:29":15,"s:388:22:394:Infinity":38,"f:401:28:401:29":16,"s:402:22:419:Infinity":39,"f:411:38:411:39":17,"s:412:42:412:Infinity":40,"s:413:30:413:Infinity":41,"b:413:58:413:70:413:70:413:81":15,"b:415:35:415:50:415:50:415:Infinity":16,"b:426:13:426:Infinity:427:14:429:Infinity":17,"f:442:22:442:23":18,"s:443:16:461:Infinity":42,"f:453:32:453:33":19,"s:454:36:454:Infinity":43,"s:455:24:455:Infinity":44,"b:455:52:455:64:455:64:455:75":18,"b:457:29:457:44:457:44:457:Infinity":19,"f:468:22:468:23":20,"s:469:16:485:Infinity":45,"f:477:32:477:33":21,"s:478:36:478:Infinity":46,"s:479:24:479:Infinity":47,"b:479:52:479:64:479:64:479:75":20,"b:481:29:481:44:481:44:481:Infinity":21,"f:492:22:492:23":22,"s:493:16:499:Infinity":48,"f:506:22:506:23":23,"s:507:16:524:Infinity":49,"f:516:32:516:33":24,"s:517:36:517:Infinity":50,"s:518:24:518:Infinity":51,"b:518:52:518:64:518:64:518:75":22,"b:520:29:520:44:520:44:520:Infinity":23,"f:535:20:535:21":25,"s:536:14:549:Infinity":52,"b:557:25:557:39:557:39:557:Infinity":24,"b:557:51:557:70:557:70:557:Infinity":25,"s:573:20:650:Infinity":53,"f:573:20:573:21":26,"s:574:22:574:Infinity":54,"s:576:23:581:Infinity":55,"f:576:23:576:24":27,"s:577:24:579:Infinity":56,"b:578:8:578:Infinity:579:8:579:Infinity":26,"f:578:24:578:25":28,"s:578:34:578:48":57,"s:580:4:580:Infinity":58,"s:583:23:585:Infinity":59,"f:583:23:583:24":29,"s:584:4:584:Infinity":60,"f:584:29:584:30":30,"s:584:39:584:53":61,"s:587:2:648:Infinity":62,"b:597:35:597:67:597:67:597:Infinity":27,"f:607:29:607:30":31,"s:608:18:620:Infinity":63,"f:611:30:611:36":32,"s:611:36:611:Infinity":64,"b:616:58:616:74:616:74:616:Infinity":28,"b:629:7:629:Infinity:630:8:646:Infinity":29,"f:631:24:631:25":33,"s:632:27:632:Infinity":65,"f:632:40:632:41":34,"s:632:49:632:68":66,"s:633:12:643:Infinity":67,"b:635:17:635:34:635:34:635:Infinity":30,"f:639:27:639:33":35,"s:639:33:639:Infinity":68}}}
,"/home/user/migrainelog/src/components/layout/Header.tsx": {"path":"/home/user/migrainelog/src/components/layout/Header.tsx","statementMap":{"0":{"start":{"line":9,"column":22},"end":{"line":57,"column":null}},"1":{"start":{"line":10,"column":24},"end":{"line":10,"column":null}},"2":{"start":{"line":12,"column":2},"end":{"line":55,"column":null}},"3":{"start":{"line":46,"column":31},"end":{"line":46,"column":null}}},"fnMap":{"0":{"name":"(anonymous_0)","decl":{"start":{"line":9,"column":22},"end":{"line":9,"column":28}},"loc":{"start":{"line":9,"column":28},"end":{"line":57,"column":null}},"line":9},"1":{"name":"(anonymous_1)","decl":{"start":{"line":46,"column":25},"end":{"line":46,"column":31}},"loc":{"start":{"line":46,"column":31},"end":{"line":46,"column":null}},"line":46}},"branchMap":{"0":{"loc":{"start":{"line":42,"column":11},"end":{"line":51,"column":null}},"type":"binary-expr","locations":[{"start":{"line":42,"column":11},"end":{"line":42,"column":null}},{"start":{"line":43,"column":12},"end":{"line":51,"column":null}}],"line":42}},"s":{"0":0,"1":0,"2":0,"3":0},"f":{"0":0,"1":0},"b":{"0":[0,0]},"meta":{"lastBranch":1,"lastFunction":2,"lastStatement":4,"seen":{"s:9:22:57:Infinity":0,"f:9:22:9:28":0,"s:10:24:10:Infinity":1,"s:12:2:55:Infinity":2,"b:42:11:42:Infinity:43:12:51:Infinity":0,"f:46:25:46:31":1,"s:46:31:46:Infinity":3}}}
,"/home/user/migrainelog/src/components/layout/Layout.tsx": {"path":"/home/user/migrainelog/src/components/layout/Layout.tsx","statementMap":{"0":{"start":{"line":12,"column":22},"end":{"line":19,"column":null}},"1":{"start":{"line":13,"column":2},"end":{"line":17,"column":null}}},"fnMap":{"0":{"name":"(anonymous_0)","decl":{"start":{"line":12,"column":22},"end":{"line":12,"column":23}},"loc":{"start":{"line":12,"column":53},"end":{"line":19,"column":null}},"line":12}},"branchMap":{},"s":{"0":0,"1":0},"f":{"0":0},"b":{},"meta":{"lastBranch":0,"lastFunction":1,"lastStatement":2,"seen":{"s:12:22:19:Infinity":0,"f:12:22:12:23":0,"s:13:2:17:Infinity":1}}}
,"/home/user/migrainelog/src/components/ui/badge.tsx": {"path":"/home/user/migrainelog/src/components/ui/badge.tsx","statementMap":{"0":{"start":{"line":7,"column":6},"end":{"line":26,"column":null}},"1":{"start":{"line":35,"column":15},"end":{"line":35,"column":null}},"2":{"start":{"line":37,"column":2},"end":{"line":42,"column":null}}},"fnMap":{"0":{"name":"Badge","decl":{"start":{"line":28,"column":9},"end":{"line":28,"column":15}},"loc":{"start":{"line":34,"column":62},"end":{"line":44,"column":null}},"line":34}},"branchMap":{"0":{"loc":{"start":{"line":31,"column":2},"end":{"line":31,"column":null}},"type":"default-arg","locations":[{"start":{"line":31,"column":12},"end":{"line":31,"column":null}}],"line":31},"1":{"loc":{"start":{"line":35,"column":15},"end":{"line":35,"column":null}},"type":"cond-expr","locations":[{"start":{"line":35,"column":25},"end":{"line":35,"column":32}},{"start":{"line":35,"column":32},"end":{"line":35,"column":null}}],"line":35}},"s":{"0":0,"1":0,"2":0},"f":{"0":0},"b":{"0":[0],"1":[0,0]},"meta":{"lastBranch":2,"lastFunction":1,"lastStatement":3,"seen":{"s:7:6:26:Infinity":0,"f:28:9:28:15":0,"b:31:12:31:Infinity":0,"s:35:15:35:Infinity":1,"b:35:25:35:32:35:32:35:Infinity":1,"s:37:2:42:Infinity":2}}}
,"/home/user/migrainelog/src/components/ui/button.tsx": {"path":"/home/user/migrainelog/src/components/ui/button.tsx","statementMap":{"0":{"start":{"line":7,"column":6},"end":{"line":37,"column":null}},"1":{"start":{"line":49,"column":15},"end":{"line":49,"column":null}},"2":{"start":{"line":51,"column":2},"end":{"line":56,"column":null}}},"fnMap":{"0":{"name":"Button","decl":{"start":{"line":39,"column":9},"end":{"line":39,"column":16}},"loc":{"start":{"line":48,"column":5},"end":{"line":58,"column":null}},"line":48}},"branchMap":{"0":{"loc":{"start":{"line":43,"column":2},"end":{"line":43,"column":null}},"type":"default-arg","locations":[{"start":{"line":43,"column":12},"end":{"line":43,"column":null}}],"line":43},"1":{"loc":{"start":{"line":49,"column":15},"end":{"line":49,"column":null}},"type":"cond-expr","locations":[{"start":{"line":49,"column":25},"end":{"line":49,"column":32}},{"start":{"line":49,"column":32},"end":{"line":49,"column":null}}],"line":49}},"s":{"0":0,"1":0,"2":0},"f":{"0":0},"b":{"0":[0],"1":[0,0]},"meta":{"lastBranch":2,"lastFunction":1,"lastStatement":3,"seen":{"s:7:6:37:Infinity":0,"f:39:9:39:16":0,"b:43:12:43:Infinity":0,"s:49:15:49:Infinity":1,"b:49:25:49:32:49:32:49:Infinity":1,"s:51:2:56:Infinity":2}}}
,"/home/user/migrainelog/src/components/ui/calendar.tsx": {"path":"/home/user/migrainelog/src/components/ui/calendar.tsx","statementMap":{"0":{"start":{"line":24,"column":8},"end":{"line":24,"column":null}},"1":{"start":{"line":26,"column":2},"end":{"line":172,"column":null}},"2":{"start":{"line":38,"column":10},"end":{"line":38,"column":null}},"3":{"start":{"line":130,"column":10},"end":{"line":136,"column":null}},"4":{"start":{"line":140,"column":10},"end":{"line":144,"column":null}},"5":{"start":{"line":141,"column":12},"end":{"line":142,"column":null}},"6":{"start":{"line":146,"column":10},"end":{"line":153,"column":null}},"7":{"start":{"line":147,"column":12},"end":{"line":151,"column":null}},"8":{"start":{"line":155,"column":10},"end":{"line":156,"column":null}},"9":{"start":{"line":161,"column":10},"end":{"line":166,"column":null}},"10":{"start":{"line":182,"column":8},"end":{"line":182,"column":null}},"11":{"start":{"line":184,"column":14},"end":{"line":184,"column":null}},"12":{"start":{"line":185,"column":2},"end":{"line":187,"column":null}},"13":{"start":{"line":186,"column":4},"end":{"line":186,"column":null}},"14":{"start":{"line":186,"column":27},"end":{"line":186,"column":null}},"15":{"start":{"line":189,"column":2},"end":{"line":210,"column":null}}},"fnMap":{"0":{"name":"Calendar","decl":{"start":{"line":12,"column":9},"end":{"line":12,"column":18}},"loc":{"start":{"line":23,"column":3},"end":{"line":174,"column":null}},"line":23},"1":{"name":"(anonymous_1)","decl":{"start":{"line":37,"column":29},"end":{"line":37,"column":30}},"loc":{"start":{"line":38,"column":10},"end":{"line":38,"column":null}},"line":38},"2":{"name":"(anonymous_2)","decl":{"start":{"line":129,"column":14},"end":{"line":129,"column":15}},"loc":{"start":{"line":129,"column":52},"end":{"line":138,"column":null}},"line":129},"3":{"name":"(anonymous_3)","decl":{"start":{"line":139,"column":17},"end":{"line":139,"column":18}},"loc":{"start":{"line":139,"column":59},"end":{"line":158,"column":null}},"line":139},"4":{"name":"(anonymous_4)","decl":{"start":{"line":160,"column":20},"end":{"line":160,"column":21}},"loc":{"start":{"line":160,"column":48},"end":{"line":168,"column":null}},"line":160},"5":{"name":"CalendarDayButton","decl":{"start":{"line":176,"column":9},"end":{"line":176,"column":27}},"loc":{"start":{"line":181,"column":43},"end":{"line":212,"column":null}},"line":181},"6":{"name":"(anonymous_6)","decl":{"start":{"line":185,"column":18},"end":{"line":185,"column":24}},"loc":{"start":{"line":185,"column":24},"end":{"line":187,"column":5}},"line":185}},"branchMap":{"0":{"loc":{"start":{"line":15,"column":2},"end":{"line":15,"column":null}},"type":"default-arg","locations":[{"start":{"line":15,"column":20},"end":{"line":15,"column":null}}],"line":15},"1":{"loc":{"start":{"line":16,"column":2},"end":{"line":16,"column":null}},"type":"default-arg","locations":[{"start":{"line":16,"column":18},"end":{"line":16,"column":null}}],"line":16},"2":{"loc":{"start":{"line":17,"column":2},"end":{"line":17,"column":null}},"type":"default-arg","locations":[{"start":{"line":17,"column":18},"end":{"line":17,"column":null}}],"line":17},"3":{"loc":{"start":{"line":80,"column":10},"end":{"line":82,"column":null}},"type":"cond-expr","locations":[{"start":{"line":81,"column":14},"end":{"line":81,"column":null}},{"start":{"line":82,"column":14},"end":{"line":82,"column":null}}],"line":80},"4":{"loc":{"start":{"line":102,"column":10},"end":{"line":104,"column":null}},"type":"cond-expr","locations":[{"start":{"line":103,"column":14},"end":{"line":103,"column":null}},{"start":{"line":104,"column":14},"end":{"line":104,"column":null}}],"line":102},"5":{"loc":{"start":{"line":140,"column":10},"end":{"line":144,"column":null}},"type":"if","locations":[{"start":{"line":140,"column":10},"end":{"line":144,"column":null}},{"start":{},"end":{}}],"line":140},"6":{"loc":{"start":{"line":146,"column":10},"end":{"line":153,"column":null}},"type":"if","locations":[{"start":{"line":146,"column":10},"end":{"line":153,"column":null}},{"start":{},"end":{}}],"line":146},"7":{"loc":{"start":{"line":186,"column":4},"end":{"line":186,"column":null}},"type":"if","locations":[{"start":{"line":186,"column":4},"end":{"line":186,"column":null}},{"start":{},"end":{}}],"line":186},"8":{"loc":{"start":{"line":196,"column":8},"end":{"line":199,"column":null}},"type":"binary-expr","locations":[{"start":{"line":196,"column":8},"end":{"line":196,"column":null}},{"start":{"line":197,"column":8},"end":{"line":197,"column":null}},{"start":{"line":198,"column":8},"end":{"line":198,"column":null}},{"start":{"line":199,"column":8},"end":{"line":199,"column":null}}],"line":196}},"s":{"0":0,"1":0,"2":0,"3":0,"4":0,"5":0,"6":0,"7":0,"8":0,"9":0,"10":0,"11":0,"12":0,"13":0,"14":0,"15":0},"f":{"0":0,"1":0,"2":0,"3":0,"4":0,"5":0,"6":0},"b":{"0":[0],"1":[0],"2":[0],"3":[0,0],"4":[0,0],"5":[0,0],"6":[0,0],"7":[0,0],"8":[0,0,0,0]},"meta":{"lastBranch":9,"lastFunction":7,"lastStatement":16,"seen":{"f:12:9:12:18":0,"b:15:20:15:Infinity":0,"b:16:18:16:Infinity":1,"b:17:18:17:Infinity":2,"s:24:8:24:Infinity":0,"s:26:2:172:Infinity":1,"f:37:29:37:30":1,"s:38:10:38:Infinity":2,"b:81:14:81:Infinity:82:14:82:Infinity":3,"b:103:14:103:Infinity:104:14:104:Infinity":4,"f:129:14:129:15":2,"s:130:10:136:Infinity":3,"f:139:17:139:18":3,"b:140:10:144:Infinity:undefined:undefined:undefined:undefined":5,"s:140:10:144:Infinity":4,"s:141:12:142:Infinity":5,"b:146:10:153:Infinity:undefined:undefined:undefined:undefined":6,"s:146:10:153:Infinity":6,"s:147:12:151:Infinity":7,"s:155:10:156:Infinity":8,"f:160:20:160:21":4,"s:161:10:166:Infinity":9,"f:176:9:176:27":5,"s:182:8:182:Infinity":10,"s:184:14:184:Infinity":11,"s:185:2:187:Infinity":12,"f:185:18:185:24":6,"b:186:4:186:Infinity:undefined:undefined:undefined:undefined":7,"s:186:4:186:Infinity":13,"s:186:27:186:Infinity":14,"s:189:2:210:Infinity":15,"b:196:8:196:Infinity:197:8:197:Infinity:198:8:198:Infinity:199:8:199:Infinity":8}}}
,"/home/user/migrainelog/src/components/ui/card.tsx": {"path":"/home/user/migrainelog/src/components/ui/card.tsx","statementMap":{"0":{"start":{"line":6,"column":2},"end":{"line":14,"column":null}},"1":{"start":{"line":19,"column":2},"end":{"line":27,"column":null}},"2":{"start":{"line":32,"column":2},"end":{"line":37,"column":null}},"3":{"start":{"line":42,"column":2},"end":{"line":47,"column":null}},"4":{"start":{"line":52,"column":2},"end":{"line":60,"column":null}},"5":{"start":{"line":65,"column":2},"end":{"line":70,"column":null}},"6":{"start":{"line":75,"column":2},"end":{"line":80,"column":null}}},"fnMap":{"0":{"name":"Card","decl":{"start":{"line":5,"column":9},"end":{"line":5,"column":14}},"loc":{"start":{"line":5,"column":68},"end":{"line":16,"column":null}},"line":5},"1":{"name":"CardHeader","decl":{"start":{"line":18,"column":9},"end":{"line":18,"column":20}},"loc":{"start":{"line":18,"column":74},"end":{"line":29,"column":null}},"line":18},"2":{"name":"CardTitle","decl":{"start":{"line":31,"column":9},"end":{"line":31,"column":19}},"loc":{"start":{"line":31,"column":73},"end":{"line":39,"column":null}},"line":31},"3":{"name":"CardDescription","decl":{"start":{"line":41,"column":9},"end":{"line":41,"column":25}},"loc":{"start":{"line":41,"column":79},"end":{"line":49,"column":null}},"line":41},"4":{"name":"CardAction","decl":{"start":{"line":51,"column":9},"end":{"line":51,"column":20}},"loc":{"start":{"line":51,"column":74},"end":{"line":62,"column":null}},"line":51},"5":{"name":"CardContent","decl":{"start":{"line":64,"column":9},"end":{"line":64,"column":21}},"loc":{"start":{"line":64,"column":75},"end":{"line":72,"column":null}},"line":64},"6":{"name":"CardFooter","decl":{"start":{"line":74,"column":9},"end":{"line":74,"column":20}},"loc":{"start":{"line":74,"column":74},"end":{"line":82,"column":null}},"line":74}},"branchMap":{},"s":{"0":0,"1":0,"2":0,"3":0,"4":0,"5":0,"6":0},"f":{"0":0,"1":0,"2":0,"3":0,"4":0,"5":0,"6":0},"b":{},"meta":{"lastBranch":0,"lastFunction":7,"lastStatement":7,"seen":{"f:5:9:5:14":0,"s:6:2:14:Infinity":0,"f:18:9:18:20":1,"s:19:2:27:Infinity":1,"f:31:9:31:19":2,"s:32:2:37:Infinity":2,"f:41:9:41:25":3,"s:42:2:47:Infinity":3,"f:51:9:51:20":4,"s:52:2:60:Infinity":4,"f:64:9:64:21":5,"s:65:2:70:Infinity":5,"f:74:9:74:20":6,"s:75:2:80:Infinity":6}}}
,"/home/user/migrainelog/src/components/ui/checkbox.tsx": {"path":"/home/user/migrainelog/src/components/ui/checkbox.tsx","statementMap":{"0":{"start":{"line":11,"column":2},"end":{"line":26,"column":null}}},"fnMap":{"0":{"name":"Checkbox","decl":{"start":{"line":7,"column":9},"end":{"line":7,"column":18}},"loc":{"start":{"line":10,"column":56},"end":{"line":28,"column":null}},"line":10}},"branchMap":{},"s":{"0":0},"f":{"0":0},"b":{},"meta":{"lastBranch":0,"lastFunction":1,"lastStatement":1,"seen":{"f:7:9:7:18":0,"s:11:2:26:Infinity":0}}}
,"/home/user/migrainelog/src/components/ui/command.tsx": {"path":"/home/user/migrainelog/src/components/ui/command.tsx","statementMap":{"0":{"start":{"line":20,"column":2},"end":{"line":28,"column":null}},"1":{"start":{"line":45,"column":2},"end":{"line":59,"column":null}},"2":{"start":{"line":67,"column":2},"end":{"line":81,"column":null}},"3":{"start":{"line":89,"column":2},"end":{"line":97,"column":null}},"4":{"start":{"line":104,"column":2},"end":{"line":109,"column":null}},"5":{"start":{"line":117,"column":2},"end":{"line":125,"column":null}},"6":{"start":{"line":133,"column":2},"end":{"line":138,"column":null}},"7":{"start":{"line":146,"column":2},"end":{"line":154,"column":null}},"8":{"start":{"line":162,"column":2},"end":{"line":170,"column":null}}},"fnMap":{"0":{"name":"Command","decl":{"start":{"line":16,"column":9},"end":{"line":16,"column":17}},"loc":{"start":{"line":19,"column":50},"end":{"line":30,"column":null}},"line":19},"1":{"name":"CommandDialog","decl":{"start":{"line":32,"column":9},"end":{"line":32,"column":23}},"loc":{"start":{"line":44,"column":3},"end":{"line":61,"column":null}},"line":44},"2":{"name":"CommandInput","decl":{"start":{"line":63,"column":9},"end":{"line":63,"column":22}},"loc":{"start":{"line":66,"column":56},"end":{"line":83,"column":null}},"line":66},"3":{"name":"CommandList","decl":{"start":{"line":85,"column":9},"end":{"line":85,"column":21}},"loc":{"start":{"line":88,"column":55},"end":{"line":99,"column":null}},"line":88},"4":{"name":"CommandEmpty","decl":{"start":{"line":101,"column":9},"end":{"line":101,"column":22}},"loc":{"start":{"line":103,"column":56},"end":{"line":111,"column":null}},"line":103},"5":{"name":"CommandGroup","decl":{"start":{"line":113,"column":9},"end":{"line":113,"column":22}},"loc":{"start":{"line":116,"column":56},"end":{"line":127,"column":null}},"line":116},"6":{"name":"CommandSeparator","decl":{"start":{"line":129,"column":9},"end":{"line":129,"column":26}},"loc":{"start":{"line":132,"column":60},"end":{"line":140,"column":null}},"line":132},"7":{"name":"CommandItem","decl":{"start":{"line":142,"column":9},"end":{"line":142,"column":21}},"loc":{"start":{"line":145,"column":55},"end":{"line":156,"column":null}},"line":145},"8":{"name":"CommandShortcut","decl":{"start":{"line":158,"column":9},"end":{"line":158,"column":25}},"loc":{"start":{"line":161,"column":33},"end":{"line":172,"column":null}},"line":161}},"branchMap":{"0":{"loc":{"start":{"line":33,"column":2},"end":{"line":33,"column":null}},"type":"default-arg","locations":[{"start":{"line":33,"column":10},"end":{"line":33,"column":null}}],"line":33},"1":{"loc":{"start":{"line":34,"column":2},"end":{"line":34,"column":null}},"type":"default-arg","locations":[{"start":{"line":34,"column":16},"end":{"line":34,"column":null}}],"line":34},"2":{"loc":{"start":{"line":37,"column":2},"end":{"line":37,"column":null}},"type":"default-arg","locations":[{"start":{"line":37,"column":20},"end":{"line":37,"column":null}}],"line":37}},"s":{"0":0,"1":0,"2":0,"3":0,"4":0,"5":0,"6":0,"7":0,"8":0},"f":{"0":0,"1":0,"2":0,"3":0,"4":0,"5":0,"6":0,"7":0,"8":0},"b":{"0":[0],"1":[0],"2":[0]},"meta":{"lastBranch":3,"lastFunction":9,"lastStatement":9,"seen":{"f:16:9:16:17":0,"s:20:2:28:Infinity":0,"f:32:9:32:23":1,"b:33:10:33:Infinity":0,"b:34:16:34:Infinity":1,"b:37:20:37:Infinity":2,"s:45:2:59:Infinity":1,"f:63:9:63:22":2,"s:67:2:81:Infinity":2,"f:85:9:85:21":3,"s:89:2:97:Infinity":3,"f:101:9:101:22":4,"s:104:2:109:Infinity":4,"f:113:9:113:22":5,"s:117:2:125:Infinity":5,"f:129:9:129:26":6,"s:133:2:138:Infinity":6,"f:142:9:142:21":7,"s:146:2:154:Infinity":7,"f:158:9:158:25":8,"s:162:2:170:Infinity":8}}}
,"/home/user/migrainelog/src/components/ui/dialog.tsx": {"path":"/home/user/migrainelog/src/components/ui/dialog.tsx","statementMap":{"0":{"start":{"line":10,"column":2},"end":{"line":10,"column":null}},"1":{"start":{"line":16,"column":2},"end":{"line":16,"column":null}},"2":{"start":{"line":22,"column":2},"end":{"line":22,"column":null}},"3":{"start":{"line":28,"column":2},"end":{"line":28,"column":null}},"4":{"start":{"line":35,"column":2},"end":{"line":43,"column":null}},"5":{"start":{"line":55,"column":2},"end":{"line":77,"column":null}},"6":{"start":{"line":82,"column":2},"end":{"line":87,"column":null}},"7":{"start":{"line":92,"column":2},"end":{"line":100,"column":null}},"8":{"start":{"line":108,"column":2},"end":{"line":113,"column":null}},"9":{"start":{"line":121,"column":2},"end":{"line":126,"column":null}}},"fnMap":{"0":{"name":"Dialog","decl":{"start":{"line":7,"column":9},"end":{"line":7,"column":16}},"loc":{"start":{"line":9,"column":54},"end":{"line":11,"column":null}},"line":9},"1":{"name":"DialogTrigger","decl":{"start":{"line":13,"column":9},"end":{"line":13,"column":23}},"loc":{"start":{"line":15,"column":57},"end":{"line":17,"column":null}},"line":15},"2":{"name":"DialogPortal","decl":{"start":{"line":19,"column":9},"end":{"line":19,"column":22}},"loc":{"start":{"line":21,"column":56},"end":{"line":23,"column":null}},"line":21},"3":{"name":"DialogClose","decl":{"start":{"line":25,"column":9},"end":{"line":25,"column":21}},"loc":{"start":{"line":27,"column":55},"end":{"line":29,"column":null}},"line":27},"4":{"name":"DialogOverlay","decl":{"start":{"line":31,"column":9},"end":{"line":31,"column":23}},"loc":{"start":{"line":34,"column":57},"end":{"line":45,"column":null}},"line":34},"5":{"name":"DialogContent","decl":{"start":{"line":47,"column":9},"end":{"line":47,"column":23}},"loc":{"start":{"line":54,"column":3},"end":{"line":79,"column":null}},"line":54},"6":{"name":"DialogHeader","decl":{"start":{"line":81,"column":9},"end":{"line":81,"column":22}},"loc":{"start":{"line":81,"column":76},"end":{"line":89,"column":null}},"line":81},"7":{"name":"DialogFooter","decl":{"start":{"line":91,"column":9},"end":{"line":91,"column":22}},"loc":{"start":{"line":91,"column":76},"end":{"line":102,"column":null}},"line":91},"8":{"name":"DialogTitle","decl":{"start":{"line":104,"column":9},"end":{"line":104,"column":21}},"loc":{"start":{"line":107,"column":55},"end":{"line":115,"column":null}},"line":107},"9":{"name":"DialogDescription","decl":{"start":{"line":117,"column":9},"end":{"line":117,"column":27}},"loc":{"start":{"line":120,"column":61},"end":{"line":128,"column":null}},"line":120}},"branchMap":{"0":{"loc":{"start":{"line":50,"column":2},"end":{"line":50,"column":null}},"type":"default-arg","locations":[{"start":{"line":50,"column":20},"end":{"line":50,"column":null}}],"line":50},"1":{"loc":{"start":{"line":67,"column":9},"end":{"line":74,"column":null}},"type":"binary-expr","locations":[{"start":{"line":67,"column":9},"end":{"line":67,"column":null}},{"start":{"line":68,"column":10},"end":{"line":74,"column":null}}],"line":67}},"s":{"0":0,"1":0,"2":0,"3":0,"4":0,"5":0,"6":0,"7":0,"8":0,"9":0},"f":{"0":0,"1":0,"2":0,"3":0,"4":0,"5":0,"6":0,"7":0,"8":0,"9":0},"b":{"0":[0],"1":[0,0]},"meta":{"lastBranch":2,"lastFunction":10,"lastStatement":10,"seen":{"f:7:9:7:16":0,"s:10:2:10:Infinity":0,"f:13:9:13:23":1,"s:16:2:16:Infinity":1,"f:19:9:19:22":2,"s:22:2:22:Infinity":2,"f:25:9:25:21":3,"s:28:2:28:Infinity":3,"f:31:9:31:23":4,"s:35:2:43:Infinity":4,"f:47:9:47:23":5,"b:50:20:50:Infinity":0,"s:55:2:77:Infinity":5,"b:67:9:67:Infinity:68:10:74:Infinity":1,"f:81:9:81:22":6,"s:82:2:87:Infinity":6,"f:91:9:91:22":7,"s:92:2:100:Infinity":7,"f:104:9:104:21":8,"s:108:2:113:Infinity":8,"f:117:9:117:27":9,"s:121:2:126:Infinity":9}}}
,"/home/user/migrainelog/src/components/ui/form.tsx": {"path":"/home/user/migrainelog/src/components/ui/form.tsx","statementMap":{"0":{"start":{"line":19,"column":13},"end":{"line":19,"column":null}},"1":{"start":{"line":28,"column":25},"end":{"line":30,"column":null}},"2":{"start":{"line":32,"column":18},"end":{"line":43,"column":null}},"3":{"start":{"line":38,"column":2},"end":{"line":41,"column":null}},"4":{"start":{"line":45,"column":21},"end":{"line":66,"column":null}},"5":{"start":{"line":46,"column":23},"end":{"line":46,"column":null}},"6":{"start":{"line":47,"column":22},"end":{"line":47,"column":null}},"7":{"start":{"line":48,"column":24},"end":{"line":48,"column":null}},"8":{"start":{"line":49,"column":8},"end":{"line":49,"column":null}},"9":{"start":{"line":50,"column":21},"end":{"line":50,"column":null}},"10":{"start":{"line":52,"column":2},"end":{"line":54,"column":null}},"11":{"start":{"line":53,"column":4},"end":{"line":53,"column":null}},"12":{"start":{"line":56,"column":17},"end":{"line":56,"column":null}},"13":{"start":{"line":58,"column":2},"end":{"line":65,"column":null}},"14":{"start":{"line":72,"column":24},"end":{"line":74,"column":null}},"15":{"start":{"line":77,"column":13},"end":{"line":77,"column":null}},"16":{"start":{"line":79,"column":2},"end":{"line":86,"column":null}},"17":{"start":{"line":94,"column":32},"end":{"line":94,"column":null}},"18":{"start":{"line":96,"column":2},"end":{"line":103,"column":null}},"19":{"start":{"line":108,"column":66},"end":{"line":108,"column":null}},"20":{"start":{"line":110,"column":2},"end":{"line":121,"column":null}},"21":{"start":{"line":126,"column":32},"end":{"line":126,"column":null}},"22":{"start":{"line":128,"column":2},"end":{"line":134,"column":null}},"23":{"start":{"line":139,"column":35},"end":{"line":139,"column":null}},"24":{"start":{"line":140,"column":15},"end":{"line":140,"column":null}},"25":{"start":{"line":142,"column":2},"end":{"line":144,"column":null}},"26":{"start":{"line":143,"column":4},"end":{"line":143,"column":null}},"27":{"start":{"line":146,"column":2},"end":{"line":154,"column":null}}},"fnMap":{"0":{"name":"(anonymous_0)","decl":{"start":{"line":32,"column":18},"end":{"line":32,"column":null}},"loc":{"start":{"line":37,"column":44},"end":{"line":43,"column":null}},"line":37},"1":{"name":"(anonymous_1)","decl":{"start":{"line":45,"column":21},"end":{"line":45,"column":27}},"loc":{"start":{"line":45,"column":27},"end":{"line":66,"column":null}},"line":45},"2":{"name":"FormItem","decl":{"start":{"line":76,"column":9},"end":{"line":76,"column":18}},"loc":{"start":{"line":76,"column":72},"end":{"line":88,"column":null}},"line":76},"3":{"name":"FormLabel","decl":{"start":{"line":90,"column":9},"end":{"line":90,"column":19}},"loc":{"start":{"line":93,"column":53},"end":{"line":105,"column":null}},"line":93},"4":{"name":"FormControl","decl":{"start":{"line":107,"column":9},"end":{"line":107,"column":21}},"loc":{"start":{"line":107,"column":70},"end":{"line":123,"column":null}},"line":107},"5":{"name":"FormDescription","decl":{"start":{"line":125,"column":9},"end":{"line":125,"column":25}},"loc":{"start":{"line":125,"column":77},"end":{"line":136,"column":null}},"line":125},"6":{"name":"FormMessage","decl":{"start":{"line":138,"column":9},"end":{"line":138,"column":21}},"loc":{"start":{"line":138,"column":73},"end":{"line":156,"column":null}},"line":138}},"branchMap":{"0":{"loc":{"start":{"line":52,"column":2},"end":{"line":54,"column":null}},"type":"if","locations":[{"start":{"line":52,"column":2},"end":{"line":54,"column":null}},{"start":{},"end":{}}],"line":52},"1":{"loc":{"start":{"line":115,"column":8},"end":{"line":117,"column":null}},"type":"cond-expr","locations":[{"start":{"line":116,"column":12},"end":{"line":116,"column":null}},{"start":{"line":117,"column":12},"end":{"line":117,"column":null}}],"line":115},"2":{"loc":{"start":{"line":140,"column":15},"end":{"line":140,"column":null}},"type":"cond-expr","locations":[{"start":{"line":140,"column":23},"end":{"line":140,"column":54}},{"start":{"line":140,"column":54},"end":{"line":140,"column":null}}],"line":140},"3":{"loc":{"start":{"line":140,"column":30},"end":{"line":140,"column":50}},"type":"binary-expr","locations":[{"start":{"line":140,"column":30},"end":{"line":140,"column":48}},{"start":{"line":140,"column":48},"end":{"line":140,"column":50}}],"line":140},"4":{"loc":{"start":{"line":142,"column":2},"end":{"line":144,"column":null}},"type":"if","locations":[{"start":{"line":142,"column":2},"end":{"line":144,"column":null}},{"start":{},"end":{}}],"line":142}},"s":{"0":0,"1":0,"2":0,"3":0,"4":0,"5":0,"6":0,"7":0,"8":0,"9":0,"10":0,"11":0,"12":0,"13":0,"14":0,"15":0,"16":0,"17":0,"18":0,"19":0,"20":0,"21":0,"22":0,"23":0,"24":0,"25":0,"26":0,"27":0},"f":{"0":0,"1":0,"2":0,"3":0,"4":0,"5":0,"6":0},"b":{"0":[0,0],"1":[0,0],"2":[0,0],"3":[0,0],"4":[0,0]},"meta":{"lastBranch":5,"lastFunction":7,"lastStatement":28,"seen":{"s:19:13:19:Infinity":0,"s:28:25:30:Infinity":1,"s:32:18:43:Infinity":2,"f:32:18:32:Infinity":0,"s:38:2:41:Infinity":3,"s:45:21:66:Infinity":4,"f:45:21:45:27":1,"s:46:23:46:Infinity":5,"s:47:22:47:Infinity":6,"s:48:24:48:Infinity":7,"s:49:8:49:Infinity":8,"s:50:21:50:Infinity":9,"b:52:2:54:Infinity:undefined:undefined:undefined:undefined":0,"s:52:2:54:Infinity":10,"s:53:4:53:Infinity":11,"s:56:17:56:Infinity":12,"s:58:2:65:Infinity":13,"s:72:24:74:Infinity":14,"f:76:9:76:18":2,"s:77:13:77:Infinity":15,"s:79:2:86:Infinity":16,"f:90:9:90:19":3,"s:94:32:94:Infinity":17,"s:96:2:103:Infinity":18,"f:107:9:107:21":4,"s:108:66:108:Infinity":19,"s:110:2:121:Infinity":20,"b:116:12:116:Infinity:117:12:117:Infinity":1,"f:125:9:125:25":5,"s:126:32:126:Infinity":21,"s:128:2:134:Infinity":22,"f:138:9:138:21":6,"s:139:35:139:Infinity":23,"s:140:15:140:Infinity":24,"b:140:23:140:54:140:54:140:Infinity":2,"b:140:30:140:48:140:48:140:50":3,"b:142:2:144:Infinity:undefined:undefined:undefined:undefined":4,"s:142:2:144:Infinity":25,"s:143:4:143:Infinity":26,"s:146:2:154:Infinity":27}}}
,"/home/user/migrainelog/src/components/ui/input.tsx": {"path":"/home/user/migrainelog/src/components/ui/input.tsx","statementMap":{"0":{"start":{"line":6,"column":2},"end":{"line":17,"column":null}}},"fnMap":{"0":{"name":"Input","decl":{"start":{"line":5,"column":9},"end":{"line":5,"column":15}},"loc":{"start":{"line":5,"column":77},"end":{"line":19,"column":null}},"line":5}},"branchMap":{},"s":{"0":0},"f":{"0":0},"b":{},"meta":{"lastBranch":0,"lastFunction":1,"lastStatement":1,"seen":{"f:5:9:5:15":0,"s:6:2:17:Infinity":0}}}
,"/home/user/migrainelog/src/components/ui/label.tsx": {"path":"/home/user/migrainelog/src/components/ui/label.tsx","statementMap":{"0":{"start":{"line":12,"column":2},"end":{"line":20,"column":null}}},"fnMap":{"0":{"name":"Label","decl":{"start":{"line":8,"column":9},"end":{"line":8,"column":15}},"loc":{"start":{"line":11,"column":53},"end":{"line":22,"column":null}},"line":11}},"branchMap":{},"s":{"0":0},"f":{"0":0},"b":{},"meta":{"lastBranch":0,"lastFunction":1,"lastStatement":1,"seen":{"f:8:9:8:15":0,"s:12:2:20:Infinity":0}}}
,"/home/user/migrainelog/src/components/ui/popover.tsx": {"path":"/home/user/migrainelog/src/components/ui/popover.tsx","statementMap":{"0":{"start":{"line":9,"column":2},"end":{"line":9,"column":null}},"1":{"start":{"line":15,"column":2},"end":{"line":15,"column":null}},"2":{"start":{"line":24,"column":2},"end":{"line":36,"column":null}},"3":{"start":{"line":43,"column":2},"end":{"line":43,"column":null}}},"fnMap":{"0":{"name":"Popover","decl":{"start":{"line":6,"column":9},"end":{"line":6,"column":17}},"loc":{"start":{"line":8,"column":55},"end":{"line":10,"column":null}},"line":8},"1":{"name":"PopoverTrigger","decl":{"start":{"line":12,"column":9},"end":{"line":12,"column":24}},"loc":{"start":{"line":14,"column":58},"end":{"line":16,"column":null}},"line":14},"2":{"name":"PopoverContent","decl":{"start":{"line":18,"column":9},"end":{"line":18,"column":24}},"loc":{"start":{"line":23,"column":58},"end":{"line":38,"column":null}},"line":23},"3":{"name":"PopoverAnchor","decl":{"start":{"line":40,"column":9},"end":{"line":40,"column":23}},"loc":{"start":{"line":42,"column":57},"end":{"line":44,"column":null}},"line":42}},"branchMap":{"0":{"loc":{"start":{"line":20,"column":2},"end":{"line":20,"column":null}},"type":"default-arg","locations":[{"start":{"line":20,"column":10},"end":{"line":20,"column":null}}],"line":20},"1":{"loc":{"start":{"line":21,"column":2},"end":{"line":21,"column":null}},"type":"default-arg","locations":[{"start":{"line":21,"column":15},"end":{"line":21,"column":null}}],"line":21}},"s":{"0":0,"1":0,"2":0,"3":0},"f":{"0":0,"1":0,"2":0,"3":0},"b":{"0":[0],"1":[0]},"meta":{"lastBranch":2,"lastFunction":4,"lastStatement":4,"seen":{"f:6:9:6:17":0,"s:9:2:9:Infinity":0,"f:12:9:12:24":1,"s:15:2:15:Infinity":1,"f:18:9:18:24":2,"b:20:10:20:Infinity":0,"b:21:15:21:Infinity":1,"s:24:2:36:Infinity":2,"f:40:9:40:23":3,"s:43:2:43:Infinity":3}}}
,"/home/user/migrainelog/src/components/ui/radio-group.tsx": {"path":"/home/user/migrainelog/src/components/ui/radio-group.tsx","statementMap":{"0":{"start":{"line":13,"column":2},"end":{"line":18,"column":null}},"1":{"start":{"line":26,"column":2},"end":{"line":41,"column":null}}},"fnMap":{"0":{"name":"RadioGroup","decl":{"start":{"line":9,"column":9},"end":{"line":9,"column":20}},"loc":{"start":{"line":12,"column":58},"end":{"line":20,"column":null}},"line":12},"1":{"name":"RadioGroupItem","decl":{"start":{"line":22,"column":9},"end":{"line":22,"column":24}},"loc":{"start":{"line":25,"column":58},"end":{"line":43,"column":null}},"line":25}},"branchMap":{},"s":{"0":0,"1":0},"f":{"0":0,"1":0},"b":{},"meta":{"lastBranch":0,"lastFunction":2,"lastStatement":2,"seen":{"f:9:9:9:20":0,"s:13:2:18:Infinity":0,"f:22:9:22:24":1,"s:26:2:41:Infinity":1}}}
,"/home/user/migrainelog/src/components/ui/select.tsx": {"path":"/home/user/migrainelog/src/components/ui/select.tsx","statementMap":{"0":{"start":{"line":10,"column":2},"end":{"line":10,"column":null}},"1":{"start":{"line":16,"column":2},"end":{"line":16,"column":null}},"2":{"start":{"line":22,"column":2},"end":{"line":22,"column":null}},"3":{"start":{"line":33,"column":2},"end":{"line":47,"column":null}},"4":{"start":{"line":58,"column":2},"end":{"line":84,"column":null}},"5":{"start":{"line":92,"column":2},"end":{"line":97,"column":null}},"6":{"start":{"line":106,"column":2},"end":{"line":121,"column":null}},"7":{"start":{"line":129,"column":2},"end":{"line":134,"column":null}},"8":{"start":{"line":142,"column":2},"end":{"line":152,"column":null}},"9":{"start":{"line":160,"column":2},"end":{"line":170,"column":null}}},"fnMap":{"0":{"name":"Select","decl":{"start":{"line":7,"column":9},"end":{"line":7,"column":16}},"loc":{"start":{"line":9,"column":54},"end":{"line":11,"column":null}},"line":9},"1":{"name":"SelectGroup","decl":{"start":{"line":13,"column":9},"end":{"line":13,"column":21}},"loc":{"start":{"line":15,"column":55},"end":{"line":17,"column":null}},"line":15},"2":{"name":"SelectValue","decl":{"start":{"line":19,"column":9},"end":{"line":19,"column":21}},"loc":{"start":{"line":21,"column":55},"end":{"line":23,"column":null}},"line":21},"3":{"name":"SelectTrigger","decl":{"start":{"line":25,"column":9},"end":{"line":25,"column":23}},"loc":{"start":{"line":32,"column":3},"end":{"line":49,"column":null}},"line":32},"4":{"name":"SelectContent","decl":{"start":{"line":51,"column":9},"end":{"line":51,"column":23}},"loc":{"start":{"line":57,"column":57},"end":{"line":86,"column":null}},"line":57},"5":{"name":"SelectLabel","decl":{"start":{"line":88,"column":9},"end":{"line":88,"column":21}},"loc":{"start":{"line":91,"column":55},"end":{"line":99,"column":null}},"line":91},"6":{"name":"SelectItem","decl":{"start":{"line":101,"column":9},"end":{"line":101,"column":20}},"loc":{"start":{"line":105,"column":54},"end":{"line":123,"column":null}},"line":105},"7":{"name":"SelectSeparator","decl":{"start":{"line":125,"column":9},"end":{"line":125,"column":25}},"loc":{"start":{"line":128,"column":59},"end":{"line":136,"column":null}},"line":128},"8":{"name":"SelectScrollUpButton","decl":{"start":{"line":138,"column":9},"end":{"line":138,"column":30}},"loc":{"start":{"line":141,"column":64},"end":{"line":154,"column":null}},"line":141},"9":{"name":"SelectScrollDownButton","decl":{"start":{"line":156,"column":9},"end":{"line":156,"column":32}},"loc":{"start":{"line":159,"column":66},"end":{"line":172,"column":null}},"line":159}},"branchMap":{"0":{"loc":{"start":{"line":27,"column":2},"end":{"line":27,"column":null}},"type":"default-arg","locations":[{"start":{"line":27,"column":9},"end":{"line":27,"column":null}}],"line":27},"1":{"loc":{"start":{"line":54,"column":2},"end":{"line":54,"column":null}},"type":"default-arg","locations":[{"start":{"line":54,"column":13},"end":{"line":54,"column":null}}],"line":54},"2":{"loc":{"start":{"line":55,"column":2},"end":{"line":55,"column":null}},"type":"default-arg","locations":[{"start":{"line":55,"column":10},"end":{"line":55,"column":null}}],"line":55},"3":{"loc":{"start":{"line":64,"column":10},"end":{"line":65,"column":null}},"type":"binary-expr","locations":[{"start":{"line":64,"column":10},"end":{"line":64,"column":null}},{"start":{"line":65,"column":12},"end":{"line":65,"column":null}}],"line":64},"4":{"loc":{"start":{"line":76,"column":12},"end":{"line":77,"column":null}},"type":"binary-expr","locations":[{"start":{"line":76,"column":12},"end":{"line":76,"column":null}},{"start":{"line":77,"column":14},"end":{"line":77,"column":null}}],"line":76}},"s":{"0":0,"1":0,"2":0,"3":0,"4":0,"5":0,"6":0,"7":0,"8":0,"9":0},"f":{"0":0,"1":0,"2":0,"3":0,"4":0,"5":0,"6":0,"7":0,"8":0,"9":0},"b":{"0":[0],"1":[0],"2":[0],"3":[0,0],"4":[0,0]},"meta":{"lastBranch":5,"lastFunction":10,"lastStatement":10,"seen":{"f:7:9:7:16":0,"s:10:2:10:Infinity":0,"f:13:9:13:21":1,"s:16:2:16:Infinity":1,"f:19:9:19:21":2,"s:22:2:22:Infinity":2,"f:25:9:25:23":3,"b:27:9:27:Infinity":0,"s:33:2:47:Infinity":3,"f:51:9:51:23":4,"b:54:13:54:Infinity":1,"b:55:10:55:Infinity":2,"s:58:2:84:Infinity":4,"b:64:10:64:Infinity:65:12:65:Infinity":3,"b:76:12:76:Infinity:77:14:77:Infinity":4,"f:88:9:88:21":5,"s:92:2:97:Infinity":5,"f:101:9:101:20":6,"s:106:2:121:Infinity":6,"f:125:9:125:25":7,"s:129:2:134:Infinity":7,"f:138:9:138:30":8,"s:142:2:152:Infinity":8,"f:156:9:156:32":9,"s:160:2:170:Infinity":9}}}
,"/home/user/migrainelog/src/components/ui/slider.tsx": {"path":"/home/user/migrainelog/src/components/ui/slider.tsx","statementMap":{"0":{"start":{"line":16,"column":18},"end":{"line":24,"column":null}},"1":{"start":{"line":18,"column":6},"end":{"line":22,"column":null}},"2":{"start":{"line":26,"column":2},"end":{"line":59,"column":null}},"3":{"start":{"line":53,"column":8},"end":{"line":57,"column":null}}},"fnMap":{"0":{"name":"Slider","decl":{"start":{"line":8,"column":9},"end":{"line":8,"column":16}},"loc":{"start":{"line":15,"column":54},"end":{"line":61,"column":null}},"line":15},"1":{"name":"(anonymous_1)","decl":{"start":{"line":17,"column":4},"end":{"line":17,"column":null}},"loc":{"start":{"line":18,"column":6},"end":{"line":22,"column":null}},"line":18},"2":{"name":"(anonymous_2)","decl":{"start":{"line":52,"column":46},"end":{"line":52,"column":47}},"loc":{"start":{"line":53,"column":8},"end":{"line":57,"column":null}},"line":53}},"branchMap":{"0":{"loc":{"start":{"line":12,"column":2},"end":{"line":12,"column":null}},"type":"default-arg","locations":[{"start":{"line":12,"column":8},"end":{"line":12,"column":null}}],"line":12},"1":{"loc":{"start":{"line":13,"column":2},"end":{"line":13,"column":null}},"type":"default-arg","locations":[{"start":{"line":13,"column":8},"end":{"line":13,"column":null}}],"line":13},"2":{"loc":{"start":{"line":18,"column":6},"end":{"line":22,"column":null}},"type":"cond-expr","locations":[{"start":{"line":19,"column":10},"end":{"line":19,"column":null}},{"start":{"line":20,"column":10},"end":{"line":22,"column":null}}],"line":18},"3":{"loc":{"start":{"line":20,"column":10},"end":{"line":22,"column":null}},"type":"cond-expr","locations":[{"start":{"line":21,"column":12},"end":{"line":21,"column":null}},{"start":{"line":22,"column":12},"end":{"line":22,"column":null}}],"line":20}},"s":{"0":0,"1":0,"2":0,"3":0},"f":{"0":0,"1":0,"2":0},"b":{"0":[0],"1":[0],"2":[0,0],"3":[0,0]},"meta":{"lastBranch":4,"lastFunction":3,"lastStatement":4,"seen":{"f:8:9:8:16":0,"b:12:8:12:Infinity":0,"b:13:8:13:Infinity":1,"s:16:18:24:Infinity":0,"f:17:4:17:Infinity":1,"s:18:6:22:Infinity":1,"b:19:10:19:Infinity:20:10:22:Infinity":2,"b:21:12:21:Infinity:22:12:22:Infinity":3,"s:26:2:59:Infinity":2,"f:52:46:52:47":2,"s:53:8:57:Infinity":3}}}
,"/home/user/migrainelog/src/components/ui/switch.tsx": {"path":"/home/user/migrainelog/src/components/ui/switch.tsx","statementMap":{"0":{"start":{"line":10,"column":2},"end":{"line":25,"column":null}}},"fnMap":{"0":{"name":"Switch","decl":{"start":{"line":6,"column":9},"end":{"line":6,"column":16}},"loc":{"start":{"line":9,"column":54},"end":{"line":27,"column":null}},"line":9}},"branchMap":{},"s":{"0":0},"f":{"0":0},"b":{},"meta":{"lastBranch":0,"lastFunction":1,"lastStatement":1,"seen":{"f:6:9:6:16":0,"s:10:2:25:Infinity":0}}}
,"/home/user/migrainelog/src/components/ui/textarea.tsx": {"path":"/home/user/migrainelog/src/components/ui/textarea.tsx","statementMap":{"0":{"start":{"line":6,"column":2},"end":{"line":14,"column":null}}},"fnMap":{"0":{"name":"Textarea","decl":{"start":{"line":5,"column":9},"end":{"line":5,"column":18}},"loc":{"start":{"line":5,"column":77},"end":{"line":16,"column":null}},"line":5}},"branchMap":{},"s":{"0":0},"f":{"0":0},"b":{},"meta":{"lastBranch":0,"lastFunction":1,"lastStatement":1,"seen":{"f:5:9:5:18":0,"s:6:2:14:Infinity":0}}}
,"/home/user/migrainelog/src/contexts/AuthContext.tsx": {"path":"/home/user/migrainelog/src/contexts/AuthContext.tsx","statementMap":{"0":{"start":{"line":14,"column":6},"end":{"line":14,"column":null}},"1":{"start":{"line":16,"column":28},"end":{"line":72,"column":null}},"2":{"start":{"line":17,"column":22},"end":{"line":17,"column":null}},"3":{"start":{"line":18,"column":28},"end":{"line":18,"column":null}},"4":{"start":{"line":19,"column":28},"end":{"line":19,"column":null}},"5":{"start":{"line":21,"column":2},"end":{"line":39,"column":null}},"6":{"start":{"line":23,"column":4},"end":{"line":27,"column":null}},"7":{"start":{"line":24,"column":6},"end":{"line":24,"column":null}},"8":{"start":{"line":25,"column":6},"end":{"line":25,"column":null}},"9":{"start":{"line":26,"column":6},"end":{"line":26,"column":null}},"10":{"start":{"line":32,"column":8},"end":{"line":36,"column":null}},"11":{"start":{"line":33,"column":6},"end":{"line":33,"column":null}},"12":{"start":{"line":34,"column":6},"end":{"line":34,"column":null}},"13":{"start":{"line":35,"column":6},"end":{"line":35,"column":null}},"14":{"start":{"line":38,"column":4},"end":{"line":38,"column":null}},"15":{"start":{"line":38,"column":17},"end":{"line":38,"column":null}},"16":{"start":{"line":41,"column":17},"end":{"line":47,"column":null}},"17":{"start":{"line":42,"column":22},"end":{"line":45,"column":null}},"18":{"start":{"line":46,"column":4},"end":{"line":46,"column":null}},"19":{"start":{"line":46,"column":15},"end":{"line":46,"column":null}},"20":{"start":{"line":49,"column":17},"end":{"line":55,"column":null}},"21":{"start":{"line":50,"column":22},"end":{"line":53,"column":null}},"22":{"start":{"line":54,"column":4},"end":{"line":54,"column":null}},"23":{"start":{"line":54,"column":15},"end":{"line":54,"column":null}},"24":{"start":{"line":57,"column":18},"end":{"line":60,"column":null}},"25":{"start":{"line":58,"column":22},"end":{"line":58,"column":null}},"26":{"start":{"line":59,"column":4},"end":{"line":59,"column":null}},"27":{"start":{"line":59,"column":15},"end":{"line":59,"column":null}},"28":{"start":{"line":62,"column":16},"end":{"line":69,"column":null}},"29":{"start":{"line":71,"column":2},"end":{"line":71,"column":null}},"30":{"start":{"line":74,"column":30},"end":{"line":80,"column":null}},"31":{"start":{"line":75,"column":8},"end":{"line":75,"column":null}},"32":{"start":{"line":76,"column":2},"end":{"line":78,"column":null}},"33":{"start":{"line":77,"column":4},"end":{"line":77,"column":null}},"34":{"start":{"line":79,"column":2},"end":{"line":79,"column":null}}},"fnMap":{"0":{"name":"(anonymous_0)","decl":{"start":{"line":16,"column":28},"end":{"line":16,"column":29}},"loc":{"start":{"line":16,"column":77},"end":{"line":72,"column":null}},"line":16},"1":{"name":"(anonymous_1)","decl":{"start":{"line":21,"column":12},"end":{"line":21,"column":18}},"loc":{"start":{"line":21,"column":18},"end":{"line":39,"column":5}},"line":21},"2":{"name":"(anonymous_2)","decl":{"start":{"line":23,"column":36},"end":{"line":23,"column":37}},"loc":{"start":{"line":23,"column":63},"end":{"line":27,"column":5}},"line":23},"3":{"name":"(anonymous_3)","decl":{"start":{"line":32,"column":40},"end":{"line":32,"column":41}},"loc":{"start":{"line":32,"column":61},"end":{"line":36,"column":5}},"line":32},"4":{"name":"(anonymous_4)","decl":{"start":{"line":38,"column":11},"end":{"line":38,"column":17}},"loc":{"start":{"line":38,"column":17},"end":{"line":38,"column":null}},"line":38},"5":{"name":"(anonymous_5)","decl":{"start":{"line":41,"column":17},"end":{"line":41,"column":24}},"loc":{"start":{"line":41,"column":60},"end":{"line":47,"column":null}},"line":41},"6":{"name":"(anonymous_6)","decl":{"start":{"line":49,"column":17},"end":{"line":49,"column":24}},"loc":{"start":{"line":49,"column":60},"end":{"line":55,"column":null}},"line":49},"7":{"name":"(anonymous_7)","decl":{"start":{"line":57,"column":18},"end":{"line":57,"column":30}},"loc":{"start":{"line":57,"column":30},"end":{"line":60,"column":null}},"line":57},"8":{"name":"(anonymous_8)","decl":{"start":{"line":74,"column":30},"end":{"line":74,"column":36}},"loc":{"start":{"line":74,"column":36},"end":{"line":80,"column":null}},"line":74}},"branchMap":{"0":{"loc":{"start":{"line":25,"column":14},"end":{"line":25,"column":35}},"type":"binary-expr","locations":[{"start":{"line":25,"column":14},"end":{"line":25,"column":31}},{"start":{"line":25,"column":31},"end":{"line":25,"column":35}}],"line":25},"1":{"loc":{"start":{"line":34,"column":14},"end":{"line":34,"column":35}},"type":"binary-expr","locations":[{"start":{"line":34,"column":14},"end":{"line":34,"column":31}},{"start":{"line":34,"column":31},"end":{"line":34,"column":35}}],"line":34},"2":{"loc":{"start":{"line":46,"column":4},"end":{"line":46,"column":null}},"type":"if","locations":[{"start":{"line":46,"column":4},"end":{"line":46,"column":null}},{"start":{},"end":{}}],"line":46},"3":{"loc":{"start":{"line":54,"column":4},"end":{"line":54,"column":null}},"type":"if","locations":[{"start":{"line":54,"column":4},"end":{"line":54,"column":null}},{"start":{},"end":{}}],"line":54},"4":{"loc":{"start":{"line":59,"column":4},"end":{"line":59,"column":null}},"type":"if","locations":[{"start":{"line":59,"column":4},"end":{"line":59,"column":null}},{"start":{},"end":{}}],"line":59},"5":{"loc":{"start":{"line":76,"column":2},"end":{"line":78,"column":null}},"type":"if","locations":[{"start":{"line":76,"column":2},"end":{"line":78,"column":null}},{"start":{},"end":{}}],"line":76}},"s":{"0":0,"1":0,"2":0,"3":0,"4":0,"5":0,"6":0,"7":0,"8":0,"9":0,"10":0,"11":0,"12":0,"13":0,"14":0,"15":0,"16":0,"17":0,"18":0,"19":0,"20":0,"21":0,"22":0,"23":0,"24":0,"25":0,"26":0,"27":0,"28":0,"29":0,"30":0,"31":0,"32":0,"33":0,"34":0},"f":{"0":0,"1":0,"2":0,"3":0,"4":0,"5":0,"6":0,"7":0,"8":0},"b":{"0":[0,0],"1":[0,0],"2":[0,0],"3":[0,0],"4":[0,0],"5":[0,0]},"meta":{"lastBranch":6,"lastFunction":9,"lastStatement":35,"seen":{"s:14:6:14:Infinity":0,"s:16:28:72:Infinity":1,"f:16:28:16:29":0,"s:17:22:17:Infinity":2,"s:18:28:18:Infinity":3,"s:19:28:19:Infinity":4,"s:21:2:39:Infinity":5,"f:21:12:21:18":1,"s:23:4:27:Infinity":6,"f:23:36:23:37":2,"s:24:6:24:Infinity":7,"s:25:6:25:Infinity":8,"b:25:14:25:31:25:31:25:35":0,"s:26:6:26:Infinity":9,"s:32:8:36:Infinity":10,"f:32:40:32:41":3,"s:33:6:33:Infinity":11,"s:34:6:34:Infinity":12,"b:34:14:34:31:34:31:34:35":1,"s:35:6:35:Infinity":13,"s:38:4:38:Infinity":14,"f:38:11:38:17":4,"s:38:17:38:Infinity":15,"s:41:17:47:Infinity":16,"f:41:17:41:24":5,"s:42:22:45:Infinity":17,"b:46:4:46:Infinity:undefined:undefined:undefined:undefined":2,"s:46:4:46:Infinity":18,"s:46:15:46:Infinity":19,"s:49:17:55:Infinity":20,"f:49:17:49:24":6,"s:50:22:53:Infinity":21,"b:54:4:54:Infinity:undefined:undefined:undefined:undefined":3,"s:54:4:54:Infinity":22,"s:54:15:54:Infinity":23,"s:57:18:60:Infinity":24,"f:57:18:57:30":7,"s:58:22:58:Infinity":25,"b:59:4:59:Infinity:undefined:undefined:undefined:undefined":4,"s:59:4:59:Infinity":26,"s:59:15:59:Infinity":27,"s:62:16:69:Infinity":28,"s:71:2:71:Infinity":29,"s:74:30:80:Infinity":30,"f:74:30:74:36":8,"s:75:8:75:Infinity":31,"b:76:2:78:Infinity:undefined:undefined:undefined:undefined":5,"s:76:2:78:Infinity":32,"s:77:4:77:Infinity":33,"s:79:2:79:Infinity":34}}}
,"/home/user/migrainelog/src/hooks/useAuth.ts": {"path":"/home/user/migrainelog/src/hooks/useAuth.ts","statementMap":{"0":{"start":{"line":9,"column":23},"end":{"line":12,"column":null}},"1":{"start":{"line":10,"column":8},"end":{"line":10,"column":null}},"2":{"start":{"line":11,"column":2},"end":{"line":11,"column":null}}},"fnMap":{"0":{"name":"(anonymous_0)","decl":{"start":{"line":9,"column":23},"end":{"line":9,"column":29}},"loc":{"start":{"line":9,"column":29},"end":{"line":12,"column":null}},"line":9}},"branchMap":{},"s":{"0":0,"1":0,"2":0},"f":{"0":0},"b":{},"meta":{"lastBranch":0,"lastFunction":1,"lastStatement":3,"seen":{"s:9:23:12:Infinity":0,"f:9:23:9:29":0,"s:10:8:10:Infinity":1,"s:11:2:11:Infinity":2}}}
,"/home/user/migrainelog/src/hooks/useEpisodes.ts": {"path":"/home/user/migrainelog/src/hooks/useEpisodes.ts","statementMap":{"0":{"start":{"line":11,"column":27},"end":{"line":83,"column":null}},"1":{"start":{"line":12,"column":15},"end":{"line":12,"column":null}},"2":{"start":{"line":13,"column":30},"end":{"line":13,"column":null}},"3":{"start":{"line":14,"column":28},"end":{"line":14,"column":null}},"4":{"start":{"line":15,"column":24},"end":{"line":15,"column":null}},"5":{"start":{"line":17,"column":2},"end":{"line":25,"column":null}},"6":{"start":{"line":18,"column":4},"end":{"line":22,"column":null}},"7":{"start":{"line":19,"column":6},"end":{"line":19,"column":null}},"8":{"start":{"line":20,"column":6},"end":{"line":20,"column":null}},"9":{"start":{"line":21,"column":6},"end":{"line":21,"column":null}},"10":{"start":{"line":24,"column":4},"end":{"line":24,"column":null}},"11":{"start":{"line":27,"column":24},"end":{"line":38,"column":null}},"12":{"start":{"line":28,"column":4},"end":{"line":37,"column":null}},"13":{"start":{"line":29,"column":6},"end":{"line":29,"column":null}},"14":{"start":{"line":30,"column":6},"end":{"line":30,"column":null}},"15":{"start":{"line":31,"column":19},"end":{"line":31,"column":null}},"16":{"start":{"line":32,"column":6},"end":{"line":32,"column":null}},"17":{"start":{"line":34,"column":6},"end":{"line":34,"column":null}},"18":{"start":{"line":36,"column":6},"end":{"line":36,"column":null}},"19":{"start":{"line":40,"column":24},"end":{"line":49,"column":null}},"20":{"start":{"line":41,"column":4},"end":{"line":48,"column":null}},"21":{"start":{"line":42,"column":25},"end":{"line":42,"column":null}},"22":{"start":{"line":43,"column":6},"end":{"line":43,"column":null}},"23":{"start":{"line":43,"column":28},"end":{"line":43,"column":49}},"24":{"start":{"line":44,"column":6},"end":{"line":44,"column":null}},"25":{"start":{"line":46,"column":6},"end":{"line":46,"column":null}},"26":{"start":{"line":47,"column":6},"end":{"line":47,"column":null}},"27":{"start":{"line":51,"column":24},"end":{"line":62,"column":null}},"28":{"start":{"line":52,"column":4},"end":{"line":61,"column":null}},"29":{"start":{"line":53,"column":29},"end":{"line":53,"column":null}},"30":{"start":{"line":54,"column":6},"end":{"line":56,"column":null}},"31":{"start":{"line":55,"column":8},"end":{"line":55,"column":null}},"32":{"start":{"line":55,"column":31},"end":{"line":55,"column":76}},"33":{"start":{"line":57,"column":6},"end":{"line":57,"column":null}},"34":{"start":{"line":59,"column":6},"end":{"line":59,"column":null}},"35":{"start":{"line":60,"column":6},"end":{"line":60,"column":null}},"36":{"start":{"line":64,"column":24},"end":{"line":72,"column":null}},"37":{"start":{"line":65,"column":4},"end":{"line":71,"column":null}},"38":{"start":{"line":66,"column":6},"end":{"line":66,"column":null}},"39":{"start":{"line":67,"column":6},"end":{"line":67,"column":null}},"40":{"start":{"line":67,"column":28},"end":{"line":67,"column":71}},"41":{"start":{"line":67,"column":53},"end":{"line":67,"column":70}},"42":{"start":{"line":69,"column":6},"end":{"line":69,"column":null}},"43":{"start":{"line":70,"column":6},"end":{"line":70,"column":null}},"44":{"start":{"line":74,"column":2},"end":{"line":82,"column":null}}},"fnMap":{"0":{"name":"(anonymous_0)","decl":{"start":{"line":11,"column":27},"end":{"line":11,"column":33}},"loc":{"start":{"line":11,"column":33},"end":{"line":83,"column":null}},"line":11},"1":{"name":"(anonymous_1)","decl":{"start":{"line":17,"column":12},"end":{"line":17,"column":18}},"loc":{"start":{"line":17,"column":18},"end":{"line":25,"column":5}},"line":17},"2":{"name":"(anonymous_2)","decl":{"start":{"line":27,"column":24},"end":{"line":27,"column":36}},"loc":{"start":{"line":27,"column":36},"end":{"line":38,"column":null}},"line":2
[...]
branchMap":{"0":{"loc":{"start":{"line":24,"column":4},"end":{"line":27,"column":null}},"type":"if","locations":[{"start":{"line":24,"column":4},"end":{"line":27,"column":null}},{"start":{},"end":{}}],"line":24},"1":{"loc":{"start":{"line":30,"column":2},"end":{"line":32,"column":null}},"type":"if","locations":[{"start":{"line":30,"column":2},"end":{"line":32,"column":null}},{"start":{},"end":{}}],"line":30},"2":{"loc":{"start":{"line":34,"column":2},"end":{"line":48,"column":null}},"type":"if","locations":[{"start":{"line":34,"column":2},"end":{"line":48,"column":null}},{"start":{},"end":{}}],"line":34},"3":{"loc":{"start":{"line":94,"column":13},"end":{"line":100,"column":null}},"type":"binary-expr","locations":[{"start":{"line":94,"column":13},"end":{"line":94,"column":null}},{"start":{"line":95,"column":14},"end":{"line":100,"column":null}}],"line":94},"4":{"loc":{"start":{"line":172,"column":9},"end":{"line":193,"column":null}},"type":"binary-expr","locations":[{"start":{"line":172,"column":9},"end":{"line":172,"column":32}},{"start":{"line":172,"column":32},"end":{"line":172,"column":null}},{"start":{"line":173,"column":10},"end":{"line":193,"column":null}}],"line":172},"5":{"loc":{"start":{"line":184,"column":21},"end":{"line":187,"column":null}},"type":"binary-expr","locations":[{"start":{"line":184,"column":21},"end":{"line":184,"column":null}},{"start":{"line":185,"column":22},"end":{"line":187,"column":null}}],"line":184},"6":{"loc":{"start":{"line":197,"column":7},"end":{"line":208,"column":null}},"type":"binary-expr","locations":[{"start":{"line":197,"column":7},"end":{"line":197,"column":null}},{"start":{"line":198,"column":8},"end":{"line":208,"column":null}}],"line":197}},"s":{"0":0,"1":0,"2":0,"3":0,"4":0,"5":0,"6":0,"7":0,"8":0,"9":0,"10":0,"11":0,"12":0,"13":0,"14":0,"15":0,"16":0,"17":0,"18":0,"19":0},"f":{"0":0,"1":0,"2":0,"3":0,"4":0,"5":0,"6":0,"7":0},"b":{"0":[0,0],"1":[0,0],"2":[0,0],"3":[0,0],"4":[0,0,0],"5":[0,0],"6":[0,0]},"meta":{"lastBranch":7,"lastFunction":8,"lastStatement":20,"seen":{"s:13:13:15:Infinity":0,"f:17:9:17:25":0,"s:18:24:18:Infinity":1,"s:19:8:19:Infinity":2,"s:20:35:20:Infinity":3,"s:21:8:21:Infinity":4,"s:23:23:28:Infinity":5,"f:23:23:23:35":1,"b:24:4:27:Infinity:undefined:undefined:undefined:undefined":0,"s:24:4:27:Infinity":6,"s:25:6:25:Infinity":7,"s:26:6:26:Infinity":8,"b:30:2:32:Infinity:undefined:undefined:undefined:undefined":1,"s:30:2:32:Infinity":9,"s:31:4:31:Infinity":10,"b:34:2:48:Infinity:undefined:undefined:undefined:undefined":2,"s:34:2:48:Infinity":11,"s:35:4:46:Infinity":12,"f:39:19:39:25":2,"s:39:25:39:Infinity":13,"s:50:2:210:Infinity":14,"f:54:19:54:25":3,"s:54:25:54:Infinity":15,"b:94:13:94:Infinity:95:14:100:Infinity":3,"f:122:41:122:42":4,"s:123:16:128:Infinity":16,"f:141:36:141:37":5,"s:142:16:147:Infinity":17,"f:160:36:160:37":6,"s:161:16:166:Infinity":18,"b:172:9:172:32:172:32:172:Infinity:173:10:193:Infinity":4,"f:180:41:180:42":7,"s:181:18:189:Infinity":19,"b:184:21:184:Infinity:185:22:187:Infinity":5,"b:197:7:197:Infinity:198:8:208:Infinity":6}}}
,"/home/user/migrainelog/src/services/episodeService.ts": {"path":"/home/user/migrainelog/src/services/episodeService.ts","statementMap":{"0":{"start":{"line":12,"column":28},"end":{"line":15,"column":null}},"1":{"start":{"line":17,"column":4},"end":{"line":17,"column":null}},"2":{"start":{"line":17,"column":15},"end":{"line":17,"column":null}},"3":{"start":{"line":19,"column":4},"end":{"line":19,"column":null}},"4":{"start":{"line":23,"column":28},"end":{"line":27,"column":null}},"5":{"start":{"line":29,"column":4},"end":{"line":29,"column":null}},"6":{"start":{"line":29,"column":15},"end":{"line":29,"column":null}},"7":{"start":{"line":31,"column":4},"end":{"line":31,"column":null}},"8":{"start":{"line":37,"column":31},"end":{"line":37,"column":null}},"9":{"start":{"line":38,"column":4},"end":{"line":38,"column":null}},"10":{"start":{"line":38,"column":15},"end":{"line":38,"column":null}},"11":{"start":{"line":40,"column":75},"end":{"line":50,"column":null}},"12":{"start":{"line":48,"column":48},"end":{"line":48,"column":65}},"13":{"start":{"line":52,"column":28},"end":{"line":56,"column":null}},"14":{"start":{"line":58,"column":4},"end":{"line":58,"column":null}},"15":{"start":{"line":58,"column":15},"end":{"line":58,"column":null}},"16":{"start":{"line":60,"column":4},"end":{"line":60,"column":null}},"17":{"start":{"line":64,"column":75},"end":{"line":64,"column":null}},"18":{"start":{"line":66,"column":4},"end":{"line":66,"column":null}},"19":{"start":{"line":66,"column":28},"end":{"line":66,"column":null}},"20":{"start":{"line":67,"column":4},"end":{"line":67,"column":null}},"21":{"start":{"line":67,"column":40},"end":{"line":67,"column":null}},"22":{"start":{"line":68,"column":4},"end":{"line":68,"column":null}},"23":{"start":{"line":68,"column":40},"end":{"line":68,"column":null}},"24":{"start":{"line":69,"column":4},"end":{"line":69,"column":null}},"25":{"start":{"line":69,"column":31},"end":{"line":69,"column":null}},"26":{"start":{"line":70,"column":4},"end":{"line":70,"column":null}},"27":{"start":{"line":70,"column":26},"end":{"line":70,"column":null}},"28":{"start":{"line":71,"column":4},"end":{"line":71,"column":null}},"29":{"start":{"line":71,"column":26},"end":{"line":71,"column":null}},"30":{"start":{"line":72,"column":4},"end":{"line":72,"column":null}},"31":{"start":{"line":72,"column":29},"end":{"line":72,"column":null}},"32":{"start":{"line":72,"column":83},"end":{"line":72,"column":100}},"33":{"start":{"line":73,"column":4},"end":{"line":73,"column":null}},"34":{"start":{"line":73,"column":37},"end":{"line":73,"column":null}},"35":{"start":{"line":75,"column":4},"end":{"line":75,"column":null}},"36":{"start":{"line":77,"column":25},"end":{"line":77,"column":null}},"37":{"start":{"line":78,"column":28},"end":{"line":81,"column":null}},"38":{"start":{"line":83,"column":4},"end":{"line":83,"column":null}},"39":{"start":{"line":83,"column":15},"end":{"line":83,"column":null}},"40":{"start":{"line":85,"column":4},"end":{"line":85,"column":null}},"41":{"start":{"line":89,"column":22},"end":{"line":92,"column":null}},"42":{"start":{"line":94,"column":4},"end":{"line":94,"column":null}},"43":{"start":{"line":94,"column":15},"end":{"line":94,"column":null}},"44":{"start":{"line":100,"column":4},"end":{"line":100,"column":null}},"45":{"start":{"line":104,"column":4},"end":{"line":111,"column":null}},"46":{"start":{"line":108,"column":55},"end":{"line":108,"column":68}},"47":{"start":{"line":115,"column":30},"end":{"line":115,"column":null}}},"fnMap":{"0":{"name":"(anonymous_0)","decl":{"start":{"line":11,"column":8},"end":{"line":11,"column":42}},"loc":{"start":{"line":11,"column":42},"end":{"line":20,"column":null}},"line":11},"1":{"name":"(anonymous_1)","decl":{"start":{"line":22,"column":8},"end":{"line":22,"column":19}},"loc":{"start":{"line":22,"column":49},"end":{"line":32,"column":null}},"line":22},"2":{"name":"(anonymous_2)","decl":{"start":{"line":34,"column":8},"end":{"line":34,"column":null}},"loc":{"start":{"line":36,"column":22},"end":{"line":61,"column":null}},"line":36},"3":{"name":"(anonymous_3)","decl":{"start":{"line":48,"column":43},"end":{"line":48,"column":48}},"loc":{"start":{"line":48,"column":48},"end":{"line":48,"column":65}},"line":48},"4":{"name":"(anonymous_4)","decl":{"start":{"line":63,"column":8},"end":{"line":63,"column":22}},"loc":{"start":{"line":63,"column":79},"end":{"line":86,"column":null}},"line":63},"5":{"name":"(anonymous_5)","decl":{"start":{"line":72,"column":78},"end":{"line":72,"column":83}},"loc":{"start":{"line":72,"column":83},"end":{"line":72,"column":100}},"line":72},"6":{"name":"(anonymous_6)","decl":{"start":{"line":88,"column":8},"end":{"line":88,"column":22}},"loc":{"start":{"line":88,"column":49},"end":{"line":95,"column":null}},"line":88},"7":{"name":"(anonymous_7)","decl":{"start":{"line":97,"column":8},"end":{"line":97,"column":49}},"loc":{"start":{"line":97,"column":49},"end":{"line":101,"column":null}},"line":97},"8":{"name":"(anonymous_8)","decl":{"start":{"line":103,"column":10},"end":{"line":103,"column":27}},"loc":{"start":{"line":103,"column":47},"end":{"line":112,"column":null}},"line":103},"9":{"name":"(anonymous_9)","decl":{"start":{"line":108,"column":40},"end":{"line":108,"column":41}},"loc":{"start":{"line":108,"column":55},"end":{"line":108,"column":68}},"line":108}},"branchMap":{"0":{"loc":{"start":{"line":17,"column":4},"end":{"line":17,"column":null}},"type":"if","locations":[{"start":{"line":17,"column":4},"end":{"line":17,"column":null}},{"start":{},"end":{}}],"line":17},"1":{"loc":{"start":{"line":29,"column":4},"end":{"line":29,"column":null}},"type":"if","locations":[{"start":{"line":29,"column":4},"end":{"line":29,"column":null}},{"start":{},"end":{}}],"line":29},"2":{"loc":{"start":{"line":38,"column":4},"end":{"line":38,"column":null}},"type":"if","locations":[{"start":{"line":38,"column":4},"end":{"line":38,"column":null}},{"start":{},"end":{}}],"line":38},"3":{"loc":{"start":{"line":43,"column":16},"end":{"line":43,"column":null}},"type":"binary-expr","locations":[{"start":{"line":43,"column":16},"end":{"line":43,"column":51}},{"start":{"line":43,"column":51},"end":{"line":43,"column":null}}],"line":43},"4":{"loc":{"start":{"line":49,"column":13},"end":{"line":49,"column":null}},"type":"binary-expr","locations":[{"start":{"line":49,"column":13},"end":{"line":49,"column":30}},{"start":{"line":49,"column":30},"end":{"line":49,"column":null}}],"line":49},"5":{"loc":{"start":{"line":58,"column":4},"end":{"line":58,"column":null}},"type":"if","locations":[{"start":{"line":58,"column":4},"end":{"line":58,"column":null}},{"start":{},"end":{}}],"line":58},"6":{"loc":{"start":{"line":66,"column":4},"end":{"line":66,"column":null}},"type":"if","locations":[{"start":{"line":66,"column":4},"end":{"line":66,"column":null}},{"start":{},"end":{}}],"line":66},"7":{"loc":{"start":{"line":67,"column":4},"end":{"line":67,"column":null}},"type":"if","locations":[{"start":{"line":67,"column":4},"end":{"line":67,"column":null}},{"start":{},"end":{}}],"line":67},"8":{"loc":{"start":{"line":67,"column":62},"end":{"line":67,"column":null}},"type":"binary-expr","locations":[{"start":{"line":67,"column":62},"end":{"line":67,"column":97}},{"start":{"line":67,"column":97},"end":{"line":67,"column":null}}],"line":67},"9":{"loc":{"start":{"line":68,"column":4},"end":{"line":68,"column":null}},"type":"if","locations":[{"start":{"line":68,"column":4},"end":{"line":68,"column":null}},{"start":{},"end":{}}],"line":68},"10":{"loc":{"start":{"line":69,"column":4},"end":{"line":69,"column":null}},"type":"if","locations":[{"start":{"line":69,"column":4},"end":{"line":69,"column":null}},{"start":{},"end":{}}],"line":69},"11":{"loc":{"start":{"line":70,"column":4},"end":{"line":70,"column":null}},"type":"if","locations":[{"start":{"line":70,"column":4},"end":{"line":70,"column":null}},{"start":{},"end":{}}],"line":70},"12":{"loc":{"start":{"line":71,"column":4},"end":{"line":71,"column":null}},"type":"if","locations":[{"start":{"line":71,"column":4},"end":{"line":71,"column":null}},{"start":{},"end":{}}],"line":71},"13":{"loc":{"start":{"line":72,"column":4},"end":{"line":72,"column":null}},"type":"if","locations":[{"start":{"line":72,"column":4},"end":{"line":72,"column":null}},{"start":{},"end":{}}],"line":72},"14":{"loc":{"start":{"line":73,"column":4},"end":{"line":73,"column":null}},"type":"if","locations":[{"start":{"line":73,"column":4},"end":{"line":73,"column":null}},{"start":{},"end":{}}],"line":73},"15":{"loc":{"start":{"line":83,"column":4},"end":{"line":83,"column":null}},"type":"if","locations":[{"start":{"line":83,"column":4},"end":{"line":83,"column":null}},{"start":{},"end":{}}],"line":83},"16":{"loc":{"start":{"line":94,"column":4},"end":{"line":94,"column":null}},"type":"if","locations":[{"start":{"line":94,"column":4},"end":{"line":94,"column":null}},{"start":{},"end":{}}],"line":94},"17":{"loc":{"start":{"line":107,"column":16},"end":{"line":107,"column":null}},"type":"cond-expr","locations":[{"start":{"line":107,"column":32},"end":{"line":107,"column":58}},{"start":{"line":107,"column":58},"end":{"line":107,"column":null}}],"line":107}},"s":{"0":3,"1":3,"2":1,"3":2,"4":2,"5":2,"6":1,"7":1,"8":3,"9":3,"10":1,"11":2,"12":1,"13":3,"14":2,"15":0,"16":2,"17":2,"18":2,"19":0,"20":2,"21":0,"22":2,"23":1,"24":2,"25":0,"26":2,"27":0,"28":2,"29":0,"30":2,"31":1,"32":1,"33":2,"34":1,"35":2,"36":2,"37":2,"38":2,"39":0,"40":2,"41":2,"42":2,"43":1,"44":1,"45":7,"46":4,"47":1},"f":{"0":3,"1":2,"2":3,"3":1,"4":2,"5":1,"6":2,"7":1,"8":7,"9":4},"b":{"0":[1,2],"1":[1,1],"2":[1,2],"3":[2,1],"4":[3,1],"5":[0,2],"6":[0,2],"7":[0,2],"8":[0,0],"9":[1,1],"10":[0,2],"11":[0,2],"12":[0,2],"13":[1,1],"14":[1,1],"15":[0,2],"16":[1,1],"17":[4,3]},"meta":{"lastBranch":18,"lastFunction":10,"lastStatement":48,"seen":{"f:11:8:11:42":0,"s:12:28:15:Infinity":0,"b:17:4:17:Infinity:undefined:undefined:undefined:undefined":0,"s:17:4:17:Infinity":1,"s:17:15:17:Infinity":2,"s:19:4:19:Infinity":3,"f:22:8:22:19":1,"s:23:28:27:Infinity":4,"b:29:4:29:Infinity:undefined:undefined:undefined:undefined":1,"s:29:4:29:Infinity":5,"s:29:15:29:Infinity":6,"s:31:4:31:Infinity":7,"f:34:8:34:Infinity":2,"s:37:31:37:Infinity":8,"b:38:4:38:Infinity:undefined:undefined:undefined:undefined":2,"s:38:4:38:Infinity":9,"s:38:15:38:Infinity":10,"s:40:75:50:Infinity":11,"b:43:16:43:51:43:51:43:Infinity":3,"f:48:43:48:48":3,"s:48:48:48:65":12,"b:49:13:49:30:49:30:49:Infinity":4,"s:52:28:56:Infinity":13,"b:58:4:58:Infinity:undefined:undefined:undefined:undefined":5,"s:58:4:58:Infinity":14,"s:58:15:58:Infinity":15,"s:60:4:60:Infinity":16,"f:63:8:63:22":4,"s:64:75:64:Infinity":17,"b:66:4:66:Infinity:undefined:undefined:undefined:undefined":6,"s:66:4:66:Infinity":18,"s:66:28:66:Infinity":19,"b:67:4:67:Infinity:undefined:undefined:undefined:undefined":7,"s:67:4:67:Infinity":20,"s:67:40:67:Infinity":21,"b:67:62:67:97:67:97:67:Infinity":8,"b:68:4:68:Infinity:undefined:undefined:undefined:undefined":9,"s:68:4:68:Infinity":22,"s:68:40:68:Infinity":23,"b:69:4:69:Infinity:undefined:undefined:undefined:undefined":10,"s:69:4:69:Infinity":24,"s:69:31:69:Infinity":25,"b:70:4:70:Infinity:undefined:undefined:undefined:undefined":11,"s:70:4:70:Infinity":26,"s:70:26:70:Infinity":27,"b:71:4:71:Infinity:undefined:undefined:undefined:undefined":12,"s:71:4:71:Infinity":28,"s:71:26:71:Infinity":29,"b:72:4:72:Infinity:undefined:undefined:undefined:undefined":13,"s:72:4:72:Infinity":30,"s:72:29:72:Infinity":31,"f:72:78:72:83":5,"s:72:83:72:100":32,"b:73:4:73:Infinity:undefined:undefined:undefined:undefined":14,"s:73:4:73:Infinity":33,"s:73:37:73:Infinity":34,"s:75:4:75:Infinity":35,"s:77:25:77:Infinity":36,"s:78:28:81:Infinity":37,"b:83:4:83:Infinity:undefined:undefined:undefined:undefined":15,"s:83:4:83:Infinity":38,"s:83:15:83:Infinity":39,"s:85:4:85:Infinity":40,"f:88:8:88:22":6,"s:89:22:92:Infinity":41,"b:94:4:94:Infinity:undefined:undefined:undefined:undefined":16,"s:94:4:94:Infinity":42,"s:94:15:94:Infinity":43,"f:97:8:97:49":7,"s:100:4:100:Infinity":44,"f:103:10:103:27":8,"s:104:4:111:Infinity":45,"b:107:32:107:58:107:58:107:Infinity":17,"f:108:40:108:41":9,"s:108:55:108:68":46,"s:115:30:115:Infinity":47}}}
,"/home/user/migrainelog/src/types/database.ts": {"path":"/home/user/migrainelog/src/types/database.ts","statementMap":{},"fnMap":{},"branchMap":{},"s":{},"f":{},"b":{},"meta":{"lastBranch":0,"lastFunction":0,"lastStatement":0,"seen":{}}}
,"/home/user/migrainelog/src/types/episode.ts": {"path":"/home/user/migrainelog/src/types/episode.ts","statementMap":{},"fnMap":{},"branchMap":{},"s":{},"f":{},"b":{},"meta":{"lastBranch":0,"lastFunction":0,"lastStatement":0,"seen":{}}}
,"/home/user/migrainelog/src/types/index.ts": {"path":"/home/user/migrainelog/src/types/index.ts","statementMap":{},"fnMap":{},"branchMap":{},"s":{},"f":{},"b":{},"meta":{"lastBranch":0,"lastFunction":0,"lastStatement":0,"seen":{}}}
,"/home/user/migrainelog/src/utils/date.ts": {"path":"/home/user/migrainelog/src/utils/date.ts","statementMap":{"0":{"start":{"line":9,"column":26},"end":{"line":11,"column":null}},"1":{"start":{"line":10,"column":2},"end":{"line":10,"column":null}},"2":{"start":{"line":13,"column":30},"end":{"line":15,"column":null}},"3":{"start":{"line":14,"column":2},"end":{"line":14,"column":null}},"4":{"start":{"line":17,"column":29},"end":{"line":19,"column":null}},"5":{"start":{"line":18,"column":2},"end":{"line":18,"column":null}},"6":{"start":{"line":21,"column":33},"end":{"line":24,"column":null}},"7":{"start":{"line":22,"column":8},"end":{"line":22,"column":null}},"8":{"start":{"line":23,"column":2},"end":{"line":23,"column":null}},"9":{"start":{"line":26,"column":34},"end":{"line":29,"column":null}},"10":{"start":{"line":27,"column":15},"end":{"line":27,"column":null}},"11":{"start":{"line":28,"column":2},"end":{"line":28,"column":null}}},"fnMap":{"0":{"name":"(anonymous_0)","decl":{"start":{"line":9,"column":26},"end":{"line":9,"column":27}},"loc":{"start":{"line":9,"column":77},"end":{"line":11,"column":null}},"line":9},"1":{"name":"(anonymous_1)","decl":{"start":{"line":13,"column":30},"end":{"line":13,"column":31}},"loc":{"start":{"line":13,"column":54},"end":{"line":15,"column":null}},"line":13},"2":{"name":"(anonymous_2)","decl":{"start":{"line":17,"column":29},"end":{"line":17,"column":30}},"loc":{"start":{"line":17,"column":53},"end":{"line":19,"column":null}},"line":17},"3":{"name":"(anonymous_3)","decl":{"start":{"line":21,"column":33},"end":{"line":21,"column":34}},"loc":{"start":{"line":21,"column":69},"end":{"line":24,"column":null}},"line":21},"4":{"name":"(anonymous_4)","decl":{"start":{"line":26,"column":34},"end":{"line":26,"column":35}},"loc":{"start":{"line":26,"column":70},"end":{"line":29,"column":null}},"line":26}},"branchMap":{"0":{"loc":{"start":{"line":9,"column":39},"end":{"line":9,"column":77}},"type":"default-arg","locations":[{"start":{"line":9,"column":59},"end":{"line":9,"column":77}}],"line":9}},"s":{"0":1,"1":3,"2":1,"3":1,"4":1,"5":4,"6":1,"7":5,"8":5,"9":1,"10":6,"11":6},"f":{"0":3,"1":1,"2":4,"3":5,"4":6},"b":{"0":[3]},"meta":{"lastBranch":1,"lastFunction":5,"lastStatement":12,"seen":{"s:9:26:11:Infinity":0,"f:9:26:9:27":0,"b:9:59:9:77":0,"s:10:2:10:Infinity":1,"s:13:30:15:Infinity":2,"f:13:30:13:31":1,"s:14:2:14:Infinity":3,"s:17:29:19:Infinity":4,"f:17:29:17:30":2,"s:18:2:18:Infinity":5,"s:21:33:24:Infinity":6,"f:21:33:21:34":3,"s:22:8:22:Infinity":7,"s:23:2:23:Infinity":8,"s:26:34:29:Infinity":9,"f:26:34:26:35":4,"s:27:15:27:Infinity":10,"s:28:2:28:Infinity":11}}}
,"/home/user/migrainelog/src/utils/validation.ts": {"path":"/home/user/migrainelog/src/utils/validation.ts","statementMap":{"0":{"start":{"line":9,"column":25},"end":{"line":19,"column":null}},"1":{"start":{"line":21,"column":20},"end":{"line":33,"column":null}},"2":{"start":{"line":35,"column":20},"end":{"line":49,"column":null}},"3":{"start":{"line":51,"column":25},"end":{"line":56,"column":null}},"4":{"start":{"line":58,"column":34},"end":{"line":63,"column":null}},"5":{"start":{"line":65,"column":29},"end":{"line":75,"column":null}},"6":{"start":{"line":77,"column":28},"end":{"line":80,"column":null}},"7":{"start":{"line":82,"column":28},"end":{"line":89,"column":null}},"8":{"start":{"line":86,"column":20},"end":{"line":86,"column":60}}},"fnMap":{"0":{"name":"(anonymous_0)","decl":{"start":{"line":86,"column":10},"end":{"line":86,"column":11}},"loc":{"start":{"line":86,"column":20},"end":{"line":86,"column":60}},"line":86}},"branchMap":{},"s":{"0":1,"1":1,"2":1,"3":1,"4":1,"5":1,"6":1,"7":1,"8":4},"f":{"0":4},"b":{},"meta":{"lastBranch":0,"lastFunction":1,"lastStatement":9,"seen":{"s:9:25:19:Infinity":0,"s:21:20:33:Infinity":1,"s:35:20:49:Infinity":2,"s:51:25:56:Infinity":3,"s:58:34:63:Infinity":4,"s:65:29:75:Infinity":5,"s:77:28:80:Infinity":6,"s:82:28:89:Infinity":7,"f:86:10:86:11":0,"s:86:20:86:60":8}}}
}
