TN:
SF:src/App.tsx
FN:24,App
FNF:1
FNH:0
FNDA:0,App
DA:8,0
DA:25,0
LF:2
LH:0
BRF:0
BRH:0
end_of_record
TN:
SF:src/components/dashboard/StatCard.tsx
FN:17,(anonymous_0)
FNF:1
FNH:1
FNDA:13,(anonymous_0)
DA:17,1
DA:18,13
DA:20,13
LF:3
LH:3
BRDA:18,0,0,13
BRDA:18,0,1,10
BRDA:25,1,0,13
BRDA:25,1,1,4
BRDA:28,2,0,2
BRDA:28,2,1,2
BRDA:31,3,0,2
BRDA:31,3,1,2
BRDA:35,4,0,13
BRDA:35,4,1,4
BRF:10
BRH:10
end_of_record
TN:
SF:src/components/episodes/EpisodeCard.tsx
FN:14,(anonymous_0)
FN:38,(anonymous_1)
FNF:2
FNH:2
FNDA:15,(anonymous_0)
FNDA:30,(anonymous_1)
DA:14,1
DA:15,15
DA:19,15
DA:39,30
LF:4
LH:4
BRDA:15,0,0,14
BRDA:15,0,1,1
BRDA:46,1,0,15
BRDA:46,1,1,1
BRF:4
BRH:4
end_of_record
TN:
SF:src/components/episodes/EpisodeForm.tsx
FN:103,(anonymous_0)
FN:137,(anonymous_1)
FN:147,(anonymous_2)
FN:194,(anonymous_3)
FN:209,(anonymous_4)
FN:219,(anonymous_5)
FN:239,(anonymous_6)
FN:265,(anonymous_7)
FN:281,(anonymous_8)
FN:302,(anonymous_9)
FN:328,(anonymous_10)
FN:343,(anonymous_11)
FN:350,(anonymous_12)
FN:359,(anonymous_13)
FN:373,(anonymous_14)
FN:387,(anonymous_15)
FN:401,(anonymous_16)
FN:411,(anonymous_17)
FN:442,(anonymous_18)
FN:453,(anonymous_19)
FN:468,(anonymous_20)
FN:477,(anonymous_21)
FN:492,(anonymous_22)
FN:506,(anonymous_23)
FN:516,(anonymous_24)
FN:535,(anonymous_25)
FN:573,(anonymous_26)
FN:576,(anonymous_27)
FN:578,(anonymous_28)
FN:583,(anonymous_29)
FN:584,(anonymous_30)
FN:607,(anonymous_31)
FN:611,(anonymous_32)
FN:631,(anonymous_33)
FN:632,(anonymous_34)
FN:639,(anonymous_35)
FNF:36
FNH:0
FNDA:0,(anonymous_0)
FNDA:0,(anonymous_1)
FNDA:0,(anonymous_2)
FNDA:0,(anonymous_3)
FNDA:0,(anonymous_4)
FNDA:0,(anonymous_5)
FNDA:0,(anonymous_6)
FNDA:0,(anonymous_7)
FNDA:0,(anonymous_8)
FNDA:0,(anonymous_9)
FNDA:0,(anonymous_10)
FNDA:0,(anonymous_11)
FNDA:0,(anonymous_12)
FNDA:0,(anonymous_13)
FNDA:0,(anonymous_14)
FNDA:0,(anonymous_15)
FNDA:0,(anonymous_16)
FNDA:0,(anonymous_17)
FNDA:0,(anonymous_18)
FNDA:0,(anonymous_19)
FNDA:0,(anonymous_20)
FNDA:0,(anonymous_21)
FNDA:0,(anonymous_22)
FNDA:0,(anonymous_23)
FNDA:0,(anonymous_24)
FNDA:0,(anonymous_25)
FNDA:0,(anonymous_26)
FNDA:0,(anonymous_27)
FNDA:0,(anonymous_28)
FNDA:0,(anonymous_29)
FNDA:0,(anonymous_30)
FNDA:0,(anonymous_31)
FNDA:0,(anonymous_32)
FNDA:0,(anonymous_33)
FNDA:0,(anonymous_34)
FNDA:0,(anonymous_35)
DA:61,0
DA:73,0
DA:87,0
DA:103,0
DA:104,0
DA:105,0
DA:107,0
DA:108,0
DA:110,0
DA:130,0
DA:135,0
DA:137,0
DA:138,0
DA:139,0
DA:140,0
DA:143,0
DA:147,0
DA:153,0
DA:154,0
DA:158,0
DA:160,0
DA:161,0
DA:162,0
DA:165,0
DA:167,0
DA:171,0
DA:195,0
DA:210,0
DA:219,0
DA:240,0
DA:266,0
DA:282,0
DA:303,0
DA:329,0
DA:344,0
DA:350,0
DA:360,0
DA:374,0
DA:388,0
DA:402,0
DA:412,0
DA:413,0
DA:443,0
DA:454,0
DA:455,0
DA:469,0
DA:478,0
DA:479,0
DA:493,0
DA:507,0
DA:517,0
DA:518,0
DA:536,0
DA:573,0
DA:574,0
DA:576,0
DA:577,0
DA:578,0
DA:580,0
DA:583,0
DA:584,0
DA:587,0
DA:608,0
DA:611,0
DA:632,0
DA:633,0
DA:639,0
LF:67
LH:0
BRDA:113,0,0,0
BRDA:113,0,1,0
BRDA:114,1,0,0
BRDA:114,1,1,0
BRDA:115,2,0,0
BRDA:115,2,1,0
BRDA:116,3,0,0
BRDA:116,3,1,0
BRDA:117,4,0,0
BRDA:117,4,1,0
BRDA:118,5,0,0
BRDA:118,5,1,0
BRDA:119,6,0,0
BRDA:119,6,1,0
BRDA:120,7,0,0
BRDA:120,7,1,0
BRDA:124,8,0,0
BRDA:124,8,1,0
BRDA:135,9,0,0
BRDA:135,9,1,0
BRDA:146,10,0,0
BRDA:146,10,1,0
BRDA:153,11,0,0
BRDA:153,11,1,0
BRDA:167,12,0,0
BRDA:167,12,1,0
BRDA:175,13,0,0
BRDA:175,13,1,0
BRDA:180,14,0,0
BRDA:180,14,1,0
BRDA:413,15,0,0
BRDA:413,15,1,0
BRDA:415,16,0,0
BRDA:415,16,1,0
BRDA:426,17,0,0
BRDA:426,17,1,0
BRDA:455,18,0,0
BRDA:455,18,1,0
BRDA:457,19,0,0
BRDA:457,19,1,0
BRDA:479,20,0,0
BRDA:479,20,1,0
BRDA:481,21,0,0
BRDA:481,21,1,0
BRDA:518,22,0,0
BRDA:518,22,1,0
BRDA:520,23,0,0
BRDA:520,23,1,0
BRDA:557,24,0,0
BRDA:557,24,1,0
BRDA:557,25,0,0
BRDA:557,25,1,0
BRDA:577,26,0,0
BRDA:577,26,1,0
BRDA:597,27,0,0
BRDA:597,27,1,0
BRDA:616,28,0,0
BRDA:616,28,1,0
BRDA:629,29,0,0
BRDA:629,29,1,0
BRDA:635,30,0,0
BRDA:635,30,1,0
BRF:62
BRH:0
end_of_record
TN:
SF:src/components/layout/Header.tsx
FN:9,(anonymous_0)
FN:46,(anonymous_1)
FNF:2
FNH:0
FNDA:0,(anonymous_0)
FNDA:0,(anonymous_1)
DA:9,0
DA:10,0
DA:12,0
DA:46,0
LF:4
LH:0
BRDA:42,0,0,0
BRDA:42,0,1,0
BRF:2
BRH:0
end_of_record
TN:
SF:src/components/layout/Layout.tsx
FN:12,(anonymous_0)
FNF:1
FNH:0
FNDA:0,(anonymous_0)
DA:12,0
DA:13,0
LF:2
LH:0
BRF:0
BRH:0
end_of_record
TN:
SF:src/components/ui/badge.tsx
FN:28,Badge
FNF:1
FNH:0
FNDA:0,Badge
DA:7,0
DA:35,0
DA:37,0
LF:3
LH:0
BRDA:31,0,0,0
BRDA:35,1,0,0
BRDA:35,1,1,0
BRF:3
BRH:0
end_of_record
TN:
SF:src/components/ui/button.tsx
FN:39,Button
FNF:1
FNH:0
FNDA:0,Button
DA:7,0
DA:49,0
DA:51,0
LF:3
LH:0
BRDA:43,0,0,0
BRDA:49,1,0,0
BRDA:49,1,1,0
BRF:3
BRH:0
end_of_record
TN:
SF:src/components/ui/calendar.tsx
FN:12,Calendar
FN:37,(anonymous_1)
FN:129,(anonymous_2)
FN:139,(anonymous_3)
FN:160,(anonymous_4)
FN:176,CalendarDayButton
FN:185,(anonymous_6)
FNF:7
FNH:0
FNDA:0,Calendar
FNDA:0,(anonymous_1)
FNDA:0,(anonymous_2)
FNDA:0,(anonymous_3)
FNDA:0,(anonymous_4)
FNDA:0,CalendarDayButton
FNDA:0,(anonymous_6)
DA:24,0
DA:26,0
DA:38,0
DA:130,0
DA:140,0
DA:141,0
DA:146,0
DA:147,0
DA:155,0
DA:161,0
DA:182,0
DA:184,0
DA:185,0
DA:186,0
DA:189,0
LF:15
LH:0
BRDA:15,0,0,0
BRDA:16,1,0,0
BRDA:17,2,0,0
BRDA:80,3,0,0
BRDA:80,3,1,0
BRDA:102,4,0,0
BRDA:102,4,1,0
BRDA:140,5,0,0
BRDA:140,5,1,0
BRDA:146,6,0,0
BRDA:146,6,1,0
BRDA:186,7,0,0
BRDA:186,7,1,0
BRDA:196,8,0,0
BRDA:196,8,1,0
BRDA:196,8,2,0
BRDA:196,8,3,0
BRF:17
BRH:0
end_of_record
TN:
SF:src/components/ui/card.tsx
FN:5,Card
FN:18,CardHeader
FN:31,CardTitle
FN:41,CardDescription
FN:51,CardAction
FN:64,CardContent
FN:74,CardFooter
FNF:7
FNH:0
FNDA:0,Card
FNDA:0,CardHeader
FNDA:0,CardTitle
FNDA:0,CardDescription
FNDA:0,CardAction
FNDA:0,CardContent
FNDA:0,CardFooter
DA:6,0
DA:19,0
DA:32,0
DA:42,0
DA:52,0
DA:65,0
DA:75,0
LF:7
LH:0
BRF:0
BRH:0
end_of_record
TN:
SF:src/components/ui/checkbox.tsx
FN:7,Checkbox
FNF:1
FNH:0
FNDA:0,Checkbox
DA:11,0
LF:1
LH:0
BRF:0
BRH:0
end_of_record
TN:
SF:src/components/ui/command.tsx
FN:16,Command
FN:32,CommandDialog
FN:63,CommandInput
FN:85,CommandList
FN:101,CommandEmpty
FN:113,CommandGroup
FN:129,CommandSeparator
FN:142,CommandItem
FN:158,CommandShortcut
FNF:9
FNH:0
FNDA:0,Command
FNDA:0,CommandDialog
FNDA:0,CommandInput
FNDA:0,CommandList
FNDA:0,CommandEmpty
FNDA:0,CommandGroup
FNDA:0,CommandSeparator
FNDA:0,CommandItem
FNDA:0,CommandShortcut
DA:20,0
DA:45,0
DA:67,0
DA:89,0
DA:104,0
DA:117,0
DA:133,0
DA:146,0
DA:162,0
LF:9
LH:0
BRDA:33,0,0,0
BRDA:34,1,0,0
BRDA:37,2,0,0
BRF:3
BRH:0
end_of_record
TN:
SF:src/components/ui/dialog.tsx
FN:7,Dialog
FN:13,DialogTrigger
FN:19,DialogPortal
FN:25,DialogClose
FN:31,DialogOverlay
FN:47,DialogContent
FN:81,DialogHeader
FN:91,DialogFooter
FN:104,DialogTitle
FN:117,DialogDescription
FNF:10
FNH:0
FNDA:0,Dialog
FNDA:0,DialogTrigger
FNDA:0,DialogPortal
FNDA:0,DialogClose
FNDA:0,DialogOverlay
FNDA:0,DialogContent
FNDA:0,DialogHeader
FNDA:0,DialogFooter
FNDA:0,DialogTitle
FNDA:0,DialogDescription
DA:10,0
DA:16,0
DA:22,0
DA:28,0
DA:35,0
DA:55,0
DA:82,0
DA:92,0
DA:108,0
DA:121,0
LF:10
LH:0
BRDA:50,0,0,0
BRDA:67,1,0,0
BRDA:67,1,1,0
BRF:3
BRH:0
end_of_record
TN:
SF:src/components/ui/form.tsx
FN:32,(anonymous_0)
FN:45,(anonymous_1)
FN:76,FormItem
FN:90,FormLabel
FN:107,FormControl
FN:125,FormDescription
FN:138,FormMessage
FNF:7
FNH:0
FNDA:0,(anonymous_0)
FNDA:0,(anonymous_1)
FNDA:0,FormItem
FNDA:0,FormLabel
FNDA:0,FormControl
FNDA:0,FormDescription
FNDA:0,FormMessage
DA:19,0
DA:28,0
DA:32,0
DA:38,0
DA:45,0
DA:46,0
DA:47,0
DA:48,0
DA:49,0
DA:50,0
DA:52,0
DA:53,0
DA:56,0
DA:58,0
DA:72,0
DA:77,0
DA:79,0
DA:94,0
DA:96,0
DA:108,0
DA:110,0
DA:126,0
DA:128,0
DA:139,0
DA:140,0
DA:142,0
DA:143,0
DA:146,0
LF:28
LH:0
BRDA:52,0,0,0
BRDA:52,0,1,0
BRDA:115,1,0,0
BRDA:115,1,1,0
BRDA:140,2,0,0
BRDA:140,2,1,0
BRDA:140,3,0,0
BRDA:140,3,1,0
BRDA:142,4,0,0
BRDA:142,4,1,0
BRF:10
BRH:0
end_of_record
TN:
SF:src/components/ui/input.tsx
FN:5,Input
FNF:1
FNH:0
FNDA:0,Input
DA:6,0
LF:1
LH:0
BRF:0
BRH:0
end_of_record
TN:
SF:src/components/ui/label.tsx
FN:8,Label
FNF:1
FNH:0
FNDA:0,Label
DA:12,0
LF:1
LH:0
BRF:0
BRH:0
end_of_record
TN:
SF:src/components/ui/popover.tsx
FN:6,Popover
FN:12,PopoverTrigger
FN:18,PopoverContent
FN:40,PopoverAnchor
FNF:4
FNH:0
FNDA:0,Popover
FNDA:0,PopoverTrigger
FNDA:0,PopoverContent
FNDA:0,PopoverAnchor
DA:9,0
DA:15,0
DA:24,0
DA:43,0
LF:4
LH:0
BRDA:20,0,0,0
BRDA:21,1,0,0
BRF:2
BRH:0
end_of_record
TN:
SF:src/components/ui/radio-group.tsx
FN:9,RadioGroup
FN:22,RadioGroupItem
FNF:2
FNH:0
FNDA:0,RadioGroup
FNDA:0,RadioGroupItem
DA:13,0
DA:26,0
LF:2
LH:0
BRF:0
BRH:0
end_of_record
TN:
SF:src/components/ui/select.tsx
FN:7,Select
FN:13,SelectGroup
FN:19,SelectValue
FN:25,SelectTrigger
FN:51,SelectContent
FN:88,SelectLabel
FN:101,SelectItem
FN:125,SelectSeparator
FN:138,SelectScrollUpButton
FN:156,SelectScrollDownButton
FNF:10
FNH:0
FNDA:0,Select
FNDA:0,SelectGroup
FNDA:0,SelectValue
FNDA:0,SelectTrigger
FNDA:0,SelectContent
FNDA:0,SelectLabel
FNDA:0,SelectItem
FNDA:0,SelectSeparator
FNDA:0,SelectScrollUpButton
FNDA:0,SelectScrollDownButton
DA:10,0
DA:16,0
DA:22,0
DA:33,0
DA:58,0
DA:92,0
DA:106,0
DA:129,0
DA:142,0
DA:160,0
LF:10
LH:0
BRDA:27,0,0,0
BRDA:54,1,0,0
BRDA:55,2,0,0
BRDA:64,3,0,0
BRDA:64,3,1,0
BRDA:76,4,0,0
BRDA:76,4,1,0
BRF:7
BRH:0
end_of_record
TN:
SF:src/components/ui/slider.tsx
FN:8,Slider
FN:17,(anonymous_1)
FN:52,(anonymous_2)
FNF:3
FNH:0
FNDA:0,Slider
FNDA:0,(anonymous_1)
FNDA:0,(anonymous_2)
DA:16,0
DA:18,0
DA:26,0
DA:53,0
LF:4
LH:0
BRDA:12,0,0,0
BRDA:13,1,0,0
BRDA:18,2,0,0
BRDA:18,2,1,0
BRDA:20,3,0,0
BRDA:20,3,1,0
BRF:6
BRH:0
end_of_record
TN:
SF:src/components/ui/switch.tsx
FN:6,Switch
FNF:1
FNH:0
FNDA:0,Switch
DA:10,0
LF:1
LH:0
BRF:0
BRH:0
end_of_record
TN:
SF:src/components/ui/textarea.tsx
FN:5,Textarea
FNF:1
FNH:0
FNDA:0,Textarea
DA:6,0
LF:1
LH:0
BRF:0
BRH:0
end_of_record
TN:
SF:src/contexts/AuthContext.tsx
FN:16,(anonymous_0)
FN:21,(anonymous_1)
FN:23,(anonymous_2)
FN:32,(anonymous_3)
FN:38,(anonymous_4)
FN:41,(anonymous_5)
FN:49,(anonymous_6)
FN:57,(anonymous_7)
FN:74,(anonymous_8)
FNF:9
FNH:0
FNDA:0,(anonymous_0)
FNDA:0,(anonymous_1)
FNDA:0,(anonymous_2)
FNDA:0,(anonymous_3)
FNDA:0,(anonymous_4)
FNDA:0,(anonymous_5)
FNDA:0,(anonymous_6)
FNDA:0,(anonymous_7)
FNDA:0,(anonymous_8)
DA:14,0
DA:16,0
DA:17,0
DA:18,0
DA:19,0
DA:21,0
DA:23,0
DA:24,0
DA:25,0
DA:26,0
DA:32,0
DA:33,0
DA:34,0
DA:35,0
DA:38,0
DA:41,0
DA:42,0
DA:46,0
DA:49,0
DA:50,0
DA:54,0
DA:57,0
DA:58,0
DA:59,0
DA:62,0
DA:71,0
DA:74,0
DA:75,0
DA:76,0
DA:77,0
DA:79,0
LF:31
LH:0
BRDA:25,0,0,0
BRDA:25,0,1,0
BRDA:34,1,0,0
BRDA:34,1,1,0
BRDA:46,2,0,0
BRDA:46,2,1,0
BRDA:54,3,0,0
BRDA:54,3,1,0
BRDA:59,4,0,0
BRDA:59,4,1,0
BRDA:76,5,0,0
BRDA:76,5,1,0
BRF:12
BRH:0
end_of_record
TN:
SF:src/hooks/useAuth.ts
FN:9,(anonymous_0)
FNF:1
FNH:0
FNDA:0,(anonymous_0)
DA:9,0
DA:10,0
DA:11,0
LF:3
LH:0
BRF:0
BRH:0
end_of_record
TN:
SF:src/hooks/useEpisodes.ts
FN:11,(anonymous_0)
FN:17,(anonymous_1)
FN:27,(anonymous_2)
FN:40,(anonymous_3)
FN:43,(anonymous_4)
FN:51,(anonymous_5)
FN:54,(anonymous_6)
FN:55,(anonymous_7)
FN:64,(anonymous_8)
FN:67,(anonymous_9)
FN:67,(anonymous_10)
FNF:11
FNH:0
FNDA:0,(anonymous_0)
FNDA:0,(anonymous_1)
FNDA:0,(anonymous_2)
FNDA:0,(anonymous_3)
FNDA:0,(anonymous_4)
FNDA:0,(anonymous_5)
FNDA:0,(anonymous_6)
FNDA:0,(anonymous_7)
FNDA:0,(anonymous_8)
FNDA:0,(anonymous_9)
FNDA:0,(anonymous_10)
DA:11,0
DA:12,0
DA:13,0
DA:14,0
DA:15,0
DA:17,0
DA:18,0
DA:19,0
DA:20,0
DA:21,0
DA:24,0
DA:27,0
DA:28,0
DA:29,0
DA:30,0
DA:31,0
DA:32,0
DA:34,0
DA:36,0
DA:40,0
DA:41,0
DA:42,0
DA:43,0
DA:44,0
DA:46,0
DA:47,0
DA:51,0
DA:52,0
DA:53,0
DA:54,0
DA:55,0
DA:57,0
DA:59,0
DA:60,0
DA:64,0
DA:65,0
DA:66,0
DA:67,0
DA:69,0
DA:70,0
DA:74,0
LF:41
LH:0
BRDA:18,0,0,0
BRDA:18,0,1,0
BRDA:34,1,0,0
BRDA:34,1,1,0
BRDA:46,2,0,0
BRDA:46,2,1,0
BRDA:55,3,0,0
BRDA:55,3,1,0
BRDA:59,4,0,0
BRDA:59,4,1,0
BRDA:69,5,0,0
BRDA:69,5,1,0
BRF:12
BRH:0
end_of_record
TN:
SF:src/hooks/useEpisodesQuery.ts
FN:12,(anonymous_0)
FN:17,useEpisodesQuery
FN:20,(anonymous_2)
FN:27,useEpisodeQuery
FN:30,(anonymous_4)
FN:38,useCreateEpisodeMutation
FN:42,(anonymous_6)
FN:44,(anonymous_7)
FN:56,useUpdateEpisodeMutation
FN:60,(anonymous_9)
FN:62,(anonymous_10)
FN:74,useDeleteEpisodeMutation
FN:78,(anonymous_12)
FN:79,(anonymous_13)
FNF:14
FNH:0
FNDA:0,(anonymous_0)
FNDA:0,useEpisodesQuery
FNDA:0,(anonymous_2)
FNDA:0,useEpisodeQuery
FNDA:0,(anonymous_4)
FNDA:0,useCreateEpisodeMutation
FNDA:0,(anonymous_6)
FNDA:0,(anonymous_7)
FNDA:0,useUpdateEpisodeMutation
FNDA:0,(anonymous_9)
FNDA:0,(anonymous_10)
FNDA:0,useDeleteEpisodeMutation
FNDA:0,(anonymous_12)
FNDA:0,(anonymous_13)
DA:11,0
DA:12,0
DA:18,0
DA:20,0
DA:28,0
DA:30,0
DA:39,0
DA:41,0
DA:43,0
DA:46,0
DA:48,0
DA:57,0
DA:59,0
DA:61,0
DA:64,0
DA:66,0
DA:75,0
DA:77,0
DA:78,0
DA:81,0
DA:83,0
LF:21
LH:0
BRF:0
BRH:0
end_of_record
TN:
SF:src/lib/database-helpers.ts
FN:12,serializeMedication
FN:24,serializeMedications
FN:25,(anonymous_2)
FN:36,parseMedications
FN:47,isValidSeverity
FN:54,isValidTimeRange
FN:66,calculateDuration
FN:79,formatDuration
FN:107,createEpisodeInsert
FN:140,createEpisodeUpdate
FN:231,validatePainLocation
FN:238,validateSymptom
FN:245,validateTrigger
FN:252,validatePainLocations
FN:259,validateSymptoms
FN:266,validateTriggers
FNF:16
FNH:0
FNDA:0,serializeMedication
FNDA:0,serializeMedications
FNDA:0,(anonymous_2)
FNDA:0,parseMedications
FNDA:0,isValidSeverity
FNDA:0,isValidTimeRange
FNDA:0,calculateDuration
FNDA:0,formatDuration
FNDA:0,createEpisodeInsert
FNDA:0,createEpisodeUpdate
FNDA:0,validatePainLocation
FNDA:0,validateSymptom
FNDA:0,validateTrigger
FNDA:0,validatePainLocations
FNDA:0,validateSymptoms
FNDA:0,validateTriggers
DA:13,0
DA:25,0
DA:37,0
DA:38,0
DA:39,0
DA:41,0
DA:48,0
DA:55,0
DA:57,0
DA:58,0
DA:60,0
DA:67,0
DA:69,0
DA:70,0
DA:72,0
DA:73,0
DA:80,0
DA:82,0
DA:83,0
DA:84,0
DA:87,0
DA:88,0
DA:89,0
DA:90,0
DA:91,0
DA:93,0
DA:96,0
DA:97,0
DA:98,0
DA:99,0
DA:101,0
DA:120,0
DA:150,0
DA:152,0
DA:153,0
DA:157,0
DA:158,0
DA:165,0
DA:166,0
DA:167,0
DA:168,0
DA:169,0
DA:170,0
DA:172,0
DA:174,0
DA:180,0
DA:195,0
DA:212,0
DA:232,0
DA:239,0
DA:246,0
DA:253,0
DA:260,0
DA:267,0
DA:273,0
DA:288,0
DA:305,0
LF:57
LH:0
BRDA:37,0,0,0
BRDA:37,0,1,0
BRDA:38,1,0,0
BRDA:38,1,1,0
BRDA:48,2,0,0
BRDA:48,2,1,0
BRDA:48,2,2,0
BRDA:55,3,0,0
BRDA:55,3,1,0
BRDA:57,4,0,0
BRDA:57,4,1,0
BRDA:58,5,0,0
BRDA:58,5,1,0
BRDA:67,6,0,0
BRDA:67,6,1,0
BRDA:69,7,0,0
BRDA:69,7,1,0
BRDA:70,8,0,0
BRDA:70,8,1,0
BRDA:80,9,0,0
BRDA:80,9,1,0
BRDA:82,10,0,0
BRDA:82,10,1,0
BRDA:84,11,0,0
BRDA:84,11,1,0
BRDA:87,12,0,0
BRDA:87,12,1,0
BRDA:90,13,0,0
BRDA:90,13,1,0
BRDA:91,14,0,0
BRDA:91,14,1,0
BRDA:98,15,0,0
BRDA:98,15,1,0
BRDA:99,16,0,0
BRDA:99,16,1,0
BRDA:122,17,0,0
BRDA:122,17,1,0
BRDA:123,18,0,0
BRDA:123,18,1,0
BRDA:124,19,0,0
BRDA:124,19,1,0
BRDA:129,20,0,0
BRDA:129,20,1,0
BRDA:130,21,0,0
BRDA:130,21,1,0
BRDA:131,22,0,0
BRDA:131,22,1,0
BRDA:132,23,0,0
BRDA:132,23,1,0
BRDA:133,24,0,0
BRDA:133,24,1,0
BRDA:152,25,0,0
BRDA:152,25,1,0
BRDA:154,26,0,0
BRDA:154,26,1,0
BRDA:157,27,0,0
BRDA:157,27,1,0
BRDA:158,28,0,0
BRDA:158,28,1,0
BRDA:159,29,0,0
BRDA:159,29,1,0
BRDA:165,30,0,0
BRDA:165,30,1,0
BRDA:166,31,0,0
BRDA:166,31,1,0
BRDA:167,32,0,0
BRDA:167,32,1,0
BRDA:168,33,0,0
BRDA:168,33,1,0
BRDA:169,34,0,0
BRDA:169,34,1,0
BRDA:172,35,0,0
BRDA:172,35,1,0
BRF:73
BRH:0
end_of_record
TN:
SF:src/lib/queryClient.ts
FNF:0
FNH:0
DA:8,0
LF:1
LH:0
BRF:0
BRH:0
end_of_record
TN:
SF:src/lib/supabase.ts
FNF:0
FNH:0
DA:4,0
DA:5,0
DA:7,0
DA:8,0
DA:11,0
LF:5
LH:0
BRDA:7,0,0,0
BRDA:7,0,1,0
BRDA:7,1,0,0
BRDA:7,1,1,0
BRF:4
BRH:0
end_of_record
TN:
SF:src/lib/utils.ts
FN:4,cn
FNF:1
FNH:1
FNDA:11,cn
DA:5,11
LF:1
LH:1
BRF:0
BRH:0
end_of_record
TN:
SF:src/pages/Analysis.tsx
FN:7,(anonymous_0)
FNF:1
FNH:0
FNDA:0,(anonymous_0)
DA:7,0
DA:8,0
LF:2
LH:0
BRF:0
BRH:0
end_of_record
TN:
SF:src/pages/Dashboard.tsx
FN:9,(anonymous_0)
FNF:1
FNH:0
FNDA:0,(anonymous_0)
DA:9,0
DA:10,0
DA:12,0
DA:13,0
DA:16,0
LF:5
LH:0
BRDA:12,0,0,0
BRDA:12,0,1,0
BRF:2
BRH:0
end_of_record
TN:
SF:src/pages/Episodes.tsx
FN:8,(anonymous_0)
FN:26,(anonymous_1)
FNF:2
FNH:0
FNDA:0,(anonymous_0)
FNDA:0,(anonymous_1)
DA:8,0
DA:9,0
DA:11,0
DA:12,0
DA:15,0
DA:27,0
LF:6
LH:0
BRDA:11,0,0,0
BRDA:11,0,1,0
BRF:2
BRH:0
end_of_record
TN:
SF:src/pages/index.ts
FNF:0
FNH:0
LF:0
LH:0
BRF:0
BRH:0
end_of_record
TN:
SF:src/routes/__root.tsx
FN:19,RootComponent
FNF:1
FNH:0
FNDA:0,RootComponent
DA:15,0
DA:20,0
LF:2
LH:0
BRF:0
BRH:0
end_of_record
TN:
SF:src/routes/_authenticated.tsx
FN:13,(anonymous_0)
FN:22,AuthenticatedLayout
FNF:2
FNH:0
FNDA:0,(anonymous_0)
FNDA:0,AuthenticatedLayout
DA:12,0
DA:14,0
DA:15,0
DA:16,0
DA:23,0
DA:26,0
DA:27,0
DA:37,0
LF:8
LH:0
BRDA:15,0,0,0
BRDA:15,0,1,0
BRDA:26,1,0,0
BRDA:26,1,1,0
BRF:4
BRH:0
end_of_record
TN:
SF:src/routes/login.tsx
FN:18,Login
FN:32,(anonymous_1)
FN:67,(anonymous_2)
FN:80,(anonymous_3)
FNF:4
FNH:0
FNDA:0,Login
FNDA:0,(anonymous_1)
FNDA:0,(anonymous_2)
FNDA:0,(anonymous_3)
DA:14,0
DA:19,0
DA:20,0
DA:21,0
DA:22,0
DA:23,0
DA:24,0
DA:27,0
DA:28,0
DA:29,0
DA:32,0
DA:33,0
DA:34,0
DA:35,0
DA:37,0
DA:38,0
DA:39,0
DA:41,0
DA:43,0
DA:47,0
DA:67,0
DA:80,0
LF:22
LH:0
BRDA:27,0,0,0
BRDA:27,0,1,0
BRDA:41,1,0,0
BRDA:41,1,1,0
BRDA:86,2,0,0
BRDA:86,2,1,0
BRDA:93,3,0,0
BRDA:93,3,1,0
BRF:8
BRH:0
end_of_record
TN:
SF:src/routes/signup.tsx
FN:18,Signup
FN:33,(anonymous_1)
FN:79,(anonymous_2)
FN:92,(anonymous_3)
FN:105,(anonymous_4)
FNF:5
FNH:0
FNDA:0,Signup
FNDA:0,(anonymous_1)
FNDA:0,(anonymous_2)
FNDA:0,(anonymous_3)
FNDA:0,(anonymous_4)
DA:14,0
DA:19,0
DA:20,0
DA:21,0
DA:22,0
DA:23,0
DA:24,0
DA:25,0
DA:28,0
DA:29,0
DA:30,0
DA:33,0
DA:34,0
DA:35,0
DA:37,0
DA:38,0
DA:39,0
DA:42,0
DA:43,0
DA:44,0
DA:47,0
DA:49,0
DA:50,0
DA:51,0
DA:53,0
DA:55,0
DA:59,0
DA:79,0
DA:92,0
DA:105,0
LF:30
LH:0
BRDA:28,0,0,0
BRDA:28,0,1,0
BRDA:37,1,0,0
BRDA:37,1,1,0
BRDA:42,2,0,0
BRDA:42,2,1,0
BRDA:53,3,0,0
BRDA:53,3,1,0
BRDA:111,4,0,0
BRDA:111,4,1,0
BRDA:118,5,0,0
BRDA:118,5,1,0
BRF:12
BRH:0
end_of_record
TN:
SF:src/routes/_authenticated/analysis.tsx
FN:14,Analysis
FN:24,(anonymous_1)
FN:29,(anonymous_2)
FN:30,(anonymous_3)
FN:35,(anonymous_4)
FN:40,(anonymous_5)
FN:41,(anonymous_6)
FN:46,(anonymous_7)
FN:88,(anonymous_8)
FN:113,(anonymous_9)
FNF:10
FNH:0
FNDA:0,Analysis
FNDA:0,(anonymous_1)
FNDA:0,(anonymous_2)
FNDA:0,(anonymous_3)
FNDA:0,(anonymous_4)
FNDA:0,(anonymous_5)
FNDA:0,(anonymous_6)
FNDA:0,(anonymous_7)
FNDA:0,(anonymous_8)
FNDA:0,(anonymous_9)
DA:10,0
DA:15,0
DA:17,0
DA:18,0
DA:22,0
DA:23,0
DA:24,0
DA:28,0
DA:29,0
DA:30,0
DA:31,0
DA:34,0
DA:35,0
DA:39,0
DA:40,0
DA:41,0
DA:42,0
DA:45,0
DA:46,0
DA:49,0
DA:89,0
DA:114,0
LF:22
LH:0
BRDA:17,0,0,0
BRDA:17,0,1,0
BRDA:22,1,0,0
BRDA:22,1,1,0
BRDA:23,2,0,0
BRDA:23,2,1,0
BRDA:31,3,0,0
BRDA:31,3,1,0
BRDA:42,4,0,0
BRDA:42,4,1,0
BRDA:86,5,0,0
BRDA:86,5,1,0
BRDA:94,6,0,0
BRDA:94,6,1,0
BRDA:111,7,0,0
BRDA:111,7,1,0
BRDA:119,8,0,0
BRDA:119,8,1,0
BRF:18
BRH:0
end_of_record
TN:
SF:src/routes/_authenticated/episodes.tsx
FN:25,Episodes
FN:42,(anonymous_1)
FN:50,(anonymous_2)
FN:63,(anonymous_3)
FN:83,(anonymous_4)
FNF:5
FNH:0
FNDA:0,Episodes
FNDA:0,(anonymous_1)
FNDA:0,(anonymous_2)
FNDA:0,(anonymous_3)
FNDA:0,(anonymous_4)
DA:21,0
DA:26,0
DA:27,0
DA:29,0
DA:30,0
DA:33,0
DA:42,0
DA:51,0
DA:63,0
DA:83,0
LF:10
LH:0
BRDA:29,0,0,0
BRDA:29,0,1,0
BRDA:49,1,0,0
BRDA:49,1,1,0
BRDA:49,2,0,0
BRDA:49,2,1,0
BRF:6
BRH:0
end_of_record
TN:
SF:src/routes/_authenticated/index.tsx
FN:16,Dashboard
FN:25,(anonymous_1)
FN:63,(anonymous_2)
FNF:3
FNH:0
FNDA:0,Dashboard
FNDA:0,(anonymous_1)
FNDA:0,(anonymous_2)
DA:12,0
DA:17,0
DA:19,0
DA:20,0
DA:23,0
DA:24,0
DA:25,0
DA:28,0
DA:64,0
LF:9
LH:0
BRDA:19,0,0,0
BRDA:19,0,1,0
BRDA:23,1,0,0
BRDA:23,1,1,0
BRDA:24,2,0,0
BRDA:24,2,1,0
BRDA:61,3,0,0
BRDA:61,3,1,0
BRDA:61,4,0,0
BRDA:61,4,1,0
BRF:10
BRH:0
end_of_record
TN:
SF:src/routes/_authenticated/episodes/$episodeId.tsx
FN:17,EpisodeDetail
FN:23,(anonymous_1)
FN:39,(anonymous_2)
FN:54,(anonymous_3)
FN:122,(anonymous_4)
FN:141,(anonymous_5)
FN:160,(anonymous_6)
FN:180,(anonymous_7)
FNF:8
FNH:0
FNDA:0,EpisodeDetail
FNDA:0,(anonymous_1)
FNDA:0,(anonymous_2)
FNDA:0,(anonymous_3)
FNDA:0,(anonymous_4)
FNDA:0,(anonymous_5)
FNDA:0,(anonymous_6)
FNDA:0,(anonymous_7)
DA:13,0
DA:18,0
DA:19,0
DA:20,0
DA:21,0
DA:23,0
DA:24,0
DA:25,0
DA:26,0
DA:30,0
DA:31,0
DA:34,0
DA:35,0
DA:39,0
DA:50,0
DA:54,0
DA:123,0
DA:142,0
DA:161,0
DA:181,0
LF:20
LH:0
BRDA:24,0,0,0
BRDA:24,0,1,0
BRDA:30,1,0,0
BRDA:30,1,1,0
BRDA:34,2,0,0
BRDA:34,2,1,0
BRDA:94,3,0,0
BRDA:94,3,1,0
BRDA:172,4,0,0
BRDA:172,4,1,0
BRDA:172,4,2,0
BRDA:184,5,0,0
BRDA:184,5,1,0
BRDA:197,6,0,0
BRDA:197,6,1,0
BRF:15
BRH:0
end_of_record
TN:
SF:src/services/episodeService.ts
FN:11,(anonymous_0)
FN:22,(anonymous_1)
FN:34,(anonymous_2)
FN:48,(anonymous_3)
FN:63,(anonymous_4)
FN:72,(anonymous_5)
FN:88,(anonymous_6)
FN:97,(anonymous_7)
FN:103,(anonymous_8)
FN:108,(anonymous_9)
FNF:10
FNH:10
FNDA:3,(anonymous_0)
FNDA:2,(anonymous_1)
FNDA:3,(anonymous_2)
FNDA:1,(anonymous_3)
FNDA:2,(anonymous_4)
FNDA:1,(anonymous_5)
FNDA:2,(anonymous_6)
FNDA:1,(anonymous_7)
FNDA:7,(anonymous_8)
FNDA:4,(anonymous_9)
DA:12,3
DA:17,3
DA:19,2
DA:23,2
DA:29,2
DA:31,1
DA:37,3
DA:38,3
DA:40,2
DA:48,1
DA:52,3
DA:58,2
DA:60,2
DA:64,2
DA:66,2
DA:67,2
DA:68,2
DA:69,2
DA:70,2
DA:71,2
DA:72,2
DA:73,2
DA:75,2
DA:77,2
DA:78,2
DA:83,2
DA:85,2
DA:89,2
DA:94,2
DA:100,1
DA:104,7
DA:108,4
DA:115,1
LF:33
LH:33
BRDA:17,0,0,1
BRDA:17,0,1,2
BRDA:29,1,0,1
BRDA:29,1,1,1
BRDA:38,2,0,1
BRDA:38,2,1,2
BRDA:43,3,0,2
BRDA:43,3,1,1
BRDA:49,4,0,3
BRDA:49,4,1,1
BRDA:58,5,0,0
BRDA:58,5,1,2
BRDA:66,6,0,0
BRDA:66,6,1,2
BRDA:67,7,0,0
BRDA:67,7,1,2
BRDA:67,8,0,0
BRDA:67,8,1,0
BRDA:68,9,0,1
BRDA:68,9,1,1
BRDA:69,10,0,0
BRDA:69,10,1,2
BRDA:70,11,0,0
BRDA:70,11,1,2
BRDA:71,12,0,0
BRDA:71,12,1,2
BRDA:72,13,0,1
BRDA:72,13,1,1
BRDA:73,14,0,1
BRDA:73,14,1,1
BRDA:83,15,0,0
BRDA:83,15,1,2
BRDA:94,16,0,1
BRDA:94,16,1,1
BRDA:107,17,0,4
BRDA:107,17,1,3
BRF:36
BRH:27
end_of_record
TN:
SF:src/types/database.ts
FNF:0
FNH:0
LF:0
LH:0
BRF:0
BRH:0
end_of_record
TN:
SF:src/types/episode.ts
FNF:0
FNH:0
LF:0
LH:0
BRF:0
BRH:0
end_of_record
TN:
SF:src/types/index.ts
FNF:0
FNH:0
LF:0
LH:0
BRF:0
BRH:0
end_of_record
TN:
SF:src/utils/date.ts
FN:9,(anonymous_0)
FN:13,(anonymous_1)
FN:17,(anonymous_2)
FN:21,(anonymous_3)
FN:26,(anonymous_4)
FNF:5
FNH:5
FNDA:3,(anonymous_0)
FNDA:1,(anonymous_1)
FNDA:4,(anonymous_2)
FNDA:5,(anonymous_3)
FNDA:6,(anonymous_4)
DA:9,1
DA:10,3
DA:13,1
DA:14,1
DA:17,1
DA:18,4
DA:21,1
DA:22,5
DA:23,5
DA:26,1
DA:27,6
DA:28,6
LF:12
LH:12
BRDA:9,0,0,3
BRF:1
BRH:1
end_of_record
TN:
SF:src/utils/validation.ts
FN:86,(anonymous_0)
FNF:1
FNH:1
FNDA:4,(anonymous_0)
DA:9,1
DA:21,1
DA:35,1
DA:51,1
DA:58,1
DA:65,1
DA:77,1
DA:82,1
DA:86,4
LF:9
LH:9
BRF:0
BRH:0
end_of_record
